[2020-09-08 11:50:39] production.ERROR: The /Users/bilalsaleem/Documents/GitHub/dlivrdchatweb/bootstrap/cache directory must be present and writable. {"exception":"[object] (Exception(code: 0): The /Users/bilalsaleem/Documents/GitHub/dlivrdchatweb/bootstrap/cache directory must be present and writable. at /Users/bilalsaleem/Documents/GitHub/dlivrdchatweb/vendor/laravel/framework/src/Illuminate/Foundation/PackageManifest.php:177)
[stacktrace]
#0 /Users/bilalsaleem/Documents/GitHub/dlivrdchatweb/vendor/laravel/framework/src/Illuminate/Foundation/PackageManifest.php(136): Illuminate\\Foundation\\PackageManifest->write(Array)
#1 /Users/bilalsaleem/Documents/GitHub/dlivrdchatweb/vendor/laravel/framework/src/Illuminate/Foundation/PackageManifest.php(106): Illuminate\\Foundation\\PackageManifest->build()
#2 /Users/bilalsaleem/Documents/GitHub/dlivrdchatweb/vendor/laravel/framework/src/Illuminate/Foundation/PackageManifest.php(89): Illuminate\\Foundation\\PackageManifest->getManifest()
#3 /Users/bilalsaleem/Documents/GitHub/dlivrdchatweb/vendor/laravel/framework/src/Illuminate/Foundation/PackageManifest.php(78): Illuminate\\Foundation\\PackageManifest->config('aliases')
#4 /Users/bilalsaleem/Documents/GitHub/dlivrdchatweb/vendor/laravel/framework/src/Illuminate/Foundation/Bootstrap/RegisterFacades.php(26): Illuminate\\Foundation\\PackageManifest->aliases()
#5 /Users/bilalsaleem/Documents/GitHub/dlivrdchatweb/vendor/laravel/framework/src/Illuminate/Foundation/Application.php(230): Illuminate\\Foundation\\Bootstrap\\RegisterFacades->bootstrap(Object(Illuminate\\Foundation\\Application))
#6 /Users/bilalsaleem/Documents/GitHub/dlivrdchatweb/vendor/laravel/framework/src/Illuminate/Foundation/Console/Kernel.php(310): Illuminate\\Foundation\\Application->bootstrapWith(Array)
#7 /Users/bilalsaleem/Documents/GitHub/dlivrdchatweb/vendor/laravel/framework/src/Illuminate/Foundation/Console/Kernel.php(127): Illuminate\\Foundation\\Console\\Kernel->bootstrap()
#8 /Users/bilalsaleem/Documents/GitHub/dlivrdchatweb/artisan(37): Illuminate\\Foundation\\Console\\Kernel->handle(Object(Symfony\\Component\\Console\\Input\\ArgvInput), Object(Symfony\\Component\\Console\\Output\\ConsoleOutput))
#9 {main}
"} 
[2020-09-08 11:51:16] production.ERROR: The /Users/bilalsaleem/Documents/GitHub/dlivrdchatweb/bootstrap/cache directory must be present and writable. {"exception":"[object] (Exception(code: 0): The /Users/bilalsaleem/Documents/GitHub/dlivrdchatweb/bootstrap/cache directory must be present and writable. at /Users/bilalsaleem/Documents/GitHub/dlivrdchatweb/vendor/laravel/framework/src/Illuminate/Foundation/PackageManifest.php:177)
[stacktrace]
#0 /Users/bilalsaleem/Documents/GitHub/dlivrdchatweb/vendor/laravel/framework/src/Illuminate/Foundation/PackageManifest.php(136): Illuminate\\Foundation\\PackageManifest->write(Array)
#1 /Users/bilalsaleem/Documents/GitHub/dlivrdchatweb/vendor/laravel/framework/src/Illuminate/Foundation/PackageManifest.php(106): Illuminate\\Foundation\\PackageManifest->build()
#2 /Users/bilalsaleem/Documents/GitHub/dlivrdchatweb/vendor/laravel/framework/src/Illuminate/Foundation/PackageManifest.php(89): Illuminate\\Foundation\\PackageManifest->getManifest()
#3 /Users/bilalsaleem/Documents/GitHub/dlivrdchatweb/vendor/laravel/framework/src/Illuminate/Foundation/PackageManifest.php(78): Illuminate\\Foundation\\PackageManifest->config('aliases')
#4 /Users/bilalsaleem/Documents/GitHub/dlivrdchatweb/vendor/laravel/framework/src/Illuminate/Foundation/Bootstrap/RegisterFacades.php(26): Illuminate\\Foundation\\PackageManifest->aliases()
#5 /Users/bilalsaleem/Documents/GitHub/dlivrdchatweb/vendor/laravel/framework/src/Illuminate/Foundation/Application.php(230): Illuminate\\Foundation\\Bootstrap\\RegisterFacades->bootstrap(Object(Illuminate\\Foundation\\Application))
#6 /Users/bilalsaleem/Documents/GitHub/dlivrdchatweb/vendor/laravel/framework/src/Illuminate/Foundation/Console/Kernel.php(310): Illuminate\\Foundation\\Application->bootstrapWith(Array)
#7 /Users/bilalsaleem/Documents/GitHub/dlivrdchatweb/vendor/laravel/framework/src/Illuminate/Foundation/Console/Kernel.php(127): Illuminate\\Foundation\\Console\\Kernel->bootstrap()
#8 /Users/bilalsaleem/Documents/GitHub/dlivrdchatweb/artisan(37): Illuminate\\Foundation\\Console\\Kernel->handle(Object(Symfony\\Component\\Console\\Input\\ArgvInput), Object(Symfony\\Component\\Console\\Output\\ConsoleOutput))
#9 {main}
"} 
[2020-09-08 11:59:21] production.ERROR: The /Users/bilalsaleem/Documents/GitHub/dlivrdchatweb/bootstrap/cache directory must be present and writable. {"exception":"[object] (Exception(code: 0): The /Users/bilalsaleem/Documents/GitHub/dlivrdchatweb/bootstrap/cache directory must be present and writable. at /Users/bilalsaleem/Documents/GitHub/dlivrdchatweb/vendor/laravel/framework/src/Illuminate/Foundation/PackageManifest.php:177)
[stacktrace]
#0 /Users/bilalsaleem/Documents/GitHub/dlivrdchatweb/vendor/laravel/framework/src/Illuminate/Foundation/PackageManifest.php(136): Illuminate\\Foundation\\PackageManifest->write(Array)
#1 /Users/bilalsaleem/Documents/GitHub/dlivrdchatweb/vendor/laravel/framework/src/Illuminate/Foundation/PackageManifest.php(106): Illuminate\\Foundation\\PackageManifest->build()
#2 /Users/bilalsaleem/Documents/GitHub/dlivrdchatweb/vendor/laravel/framework/src/Illuminate/Foundation/PackageManifest.php(89): Illuminate\\Foundation\\PackageManifest->getManifest()
#3 /Users/bilalsaleem/Documents/GitHub/dlivrdchatweb/vendor/laravel/framework/src/Illuminate/Foundation/PackageManifest.php(78): Illuminate\\Foundation\\PackageManifest->config('aliases')
#4 /Users/bilalsaleem/Documents/GitHub/dlivrdchatweb/vendor/laravel/framework/src/Illuminate/Foundation/Bootstrap/RegisterFacades.php(26): Illuminate\\Foundation\\PackageManifest->aliases()
#5 /Users/bilalsaleem/Documents/GitHub/dlivrdchatweb/vendor/laravel/framework/src/Illuminate/Foundation/Application.php(230): Illuminate\\Foundation\\Bootstrap\\RegisterFacades->bootstrap(Object(Illuminate\\Foundation\\Application))
#6 /Users/bilalsaleem/Documents/GitHub/dlivrdchatweb/vendor/laravel/framework/src/Illuminate/Foundation/Console/Kernel.php(310): Illuminate\\Foundation\\Application->bootstrapWith(Array)
#7 /Users/bilalsaleem/Documents/GitHub/dlivrdchatweb/vendor/laravel/framework/src/Illuminate/Foundation/Console/Kernel.php(127): Illuminate\\Foundation\\Console\\Kernel->bootstrap()
#8 /Users/bilalsaleem/Documents/GitHub/dlivrdchatweb/artisan(37): Illuminate\\Foundation\\Console\\Kernel->handle(Object(Symfony\\Component\\Console\\Input\\ArgvInput), Object(Symfony\\Component\\Console\\Output\\ConsoleOutput))
#9 {main}
"} 
[2020-09-08 11:59:39] production.ERROR: The /Users/bilalsaleem/Documents/GitHub/dlivrdchatweb/bootstrap/cache directory must be present and writable. {"exception":"[object] (Exception(code: 0): The /Users/bilalsaleem/Documents/GitHub/dlivrdchatweb/bootstrap/cache directory must be present and writable. at /Users/bilalsaleem/Documents/GitHub/dlivrdchatweb/vendor/laravel/framework/src/Illuminate/Foundation/PackageManifest.php:177)
[stacktrace]
#0 /Users/bilalsaleem/Documents/GitHub/dlivrdchatweb/vendor/laravel/framework/src/Illuminate/Foundation/PackageManifest.php(136): Illuminate\\Foundation\\PackageManifest->write(Array)
#1 /Users/bilalsaleem/Documents/GitHub/dlivrdchatweb/vendor/laravel/framework/src/Illuminate/Foundation/PackageManifest.php(106): Illuminate\\Foundation\\PackageManifest->build()
#2 /Users/bilalsaleem/Documents/GitHub/dlivrdchatweb/vendor/laravel/framework/src/Illuminate/Foundation/PackageManifest.php(89): Illuminate\\Foundation\\PackageManifest->getManifest()
#3 /Users/bilalsaleem/Documents/GitHub/dlivrdchatweb/vendor/laravel/framework/src/Illuminate/Foundation/PackageManifest.php(78): Illuminate\\Foundation\\PackageManifest->config('aliases')
#4 /Users/bilalsaleem/Documents/GitHub/dlivrdchatweb/vendor/laravel/framework/src/Illuminate/Foundation/Bootstrap/RegisterFacades.php(26): Illuminate\\Foundation\\PackageManifest->aliases()
#5 /Users/bilalsaleem/Documents/GitHub/dlivrdchatweb/vendor/laravel/framework/src/Illuminate/Foundation/Application.php(230): Illuminate\\Foundation\\Bootstrap\\RegisterFacades->bootstrap(Object(Illuminate\\Foundation\\Application))
#6 /Users/bilalsaleem/Documents/GitHub/dlivrdchatweb/vendor/laravel/framework/src/Illuminate/Foundation/Console/Kernel.php(310): Illuminate\\Foundation\\Application->bootstrapWith(Array)
#7 /Users/bilalsaleem/Documents/GitHub/dlivrdchatweb/vendor/laravel/framework/src/Illuminate/Foundation/Console/Kernel.php(127): Illuminate\\Foundation\\Console\\Kernel->bootstrap()
#8 /Users/bilalsaleem/Documents/GitHub/dlivrdchatweb/artisan(37): Illuminate\\Foundation\\Console\\Kernel->handle(Object(Symfony\\Component\\Console\\Input\\ArgvInput), Object(Symfony\\Component\\Console\\Output\\ConsoleOutput))
#9 {main}
"} 
[2020-09-08 12:08:27] production.ERROR: The /Users/bilalsaleem/Documents/GitHub/dlivrdchatweb/bootstrap/cache directory must be present and writable. {"exception":"[object] (Exception(code: 0): The /Users/bilalsaleem/Documents/GitHub/dlivrdchatweb/bootstrap/cache directory must be present and writable. at /Users/bilalsaleem/Documents/GitHub/dlivrdchatweb/vendor/laravel/framework/src/Illuminate/Foundation/PackageManifest.php:177)
[stacktrace]
#0 /Users/bilalsaleem/Documents/GitHub/dlivrdchatweb/vendor/laravel/framework/src/Illuminate/Foundation/PackageManifest.php(136): Illuminate\\Foundation\\PackageManifest->write(Array)
#1 /Users/bilalsaleem/Documents/GitHub/dlivrdchatweb/vendor/laravel/framework/src/Illuminate/Foundation/PackageManifest.php(106): Illuminate\\Foundation\\PackageManifest->build()
#2 /Users/bilalsaleem/Documents/GitHub/dlivrdchatweb/vendor/laravel/framework/src/Illuminate/Foundation/PackageManifest.php(89): Illuminate\\Foundation\\PackageManifest->getManifest()
#3 /Users/bilalsaleem/Documents/GitHub/dlivrdchatweb/vendor/laravel/framework/src/Illuminate/Foundation/PackageManifest.php(78): Illuminate\\Foundation\\PackageManifest->config('aliases')
#4 /Users/bilalsaleem/Documents/GitHub/dlivrdchatweb/vendor/laravel/framework/src/Illuminate/Foundation/Bootstrap/RegisterFacades.php(26): Illuminate\\Foundation\\PackageManifest->aliases()
#5 /Users/bilalsaleem/Documents/GitHub/dlivrdchatweb/vendor/laravel/framework/src/Illuminate/Foundation/Application.php(230): Illuminate\\Foundation\\Bootstrap\\RegisterFacades->bootstrap(Object(Illuminate\\Foundation\\Application))
#6 /Users/bilalsaleem/Documents/GitHub/dlivrdchatweb/vendor/laravel/framework/src/Illuminate/Foundation/Console/Kernel.php(310): Illuminate\\Foundation\\Application->bootstrapWith(Array)
#7 /Users/bilalsaleem/Documents/GitHub/dlivrdchatweb/vendor/laravel/framework/src/Illuminate/Foundation/Console/Kernel.php(127): Illuminate\\Foundation\\Console\\Kernel->bootstrap()
#8 /Users/bilalsaleem/Documents/GitHub/dlivrdchatweb/artisan(37): Illuminate\\Foundation\\Console\\Kernel->handle(Object(Symfony\\Component\\Console\\Input\\ArgvInput), Object(Symfony\\Component\\Console\\Output\\ConsoleOutput))
#9 {main}
"} 
[2020-09-08 12:17:50] production.ERROR: The /Users/bilalsaleem/Documents/GitHub/dlivrdchatweb/bootstrap/cache directory must be present and writable. {"exception":"[object] (Exception(code: 0): The /Users/bilalsaleem/Documents/GitHub/dlivrdchatweb/bootstrap/cache directory must be present and writable. at /Users/bilalsaleem/Documents/GitHub/dlivrdchatweb/vendor/laravel/framework/src/Illuminate/Foundation/PackageManifest.php:177)
[stacktrace]
#0 /Users/bilalsaleem/Documents/GitHub/dlivrdchatweb/vendor/laravel/framework/src/Illuminate/Foundation/PackageManifest.php(136): Illuminate\\Foundation\\PackageManifest->write(Array)
#1 /Users/bilalsaleem/Documents/GitHub/dlivrdchatweb/vendor/laravel/framework/src/Illuminate/Foundation/PackageManifest.php(106): Illuminate\\Foundation\\PackageManifest->build()
#2 /Users/bilalsaleem/Documents/GitHub/dlivrdchatweb/vendor/laravel/framework/src/Illuminate/Foundation/PackageManifest.php(89): Illuminate\\Foundation\\PackageManifest->getManifest()
#3 /Users/bilalsaleem/Documents/GitHub/dlivrdchatweb/vendor/laravel/framework/src/Illuminate/Foundation/PackageManifest.php(78): Illuminate\\Foundation\\PackageManifest->config('aliases')
#4 /Users/bilalsaleem/Documents/GitHub/dlivrdchatweb/vendor/laravel/framework/src/Illuminate/Foundation/Bootstrap/RegisterFacades.php(26): Illuminate\\Foundation\\PackageManifest->aliases()
#5 /Users/bilalsaleem/Documents/GitHub/dlivrdchatweb/vendor/laravel/framework/src/Illuminate/Foundation/Application.php(230): Illuminate\\Foundation\\Bootstrap\\RegisterFacades->bootstrap(Object(Illuminate\\Foundation\\Application))
#6 /Users/bilalsaleem/Documents/GitHub/dlivrdchatweb/vendor/laravel/framework/src/Illuminate/Foundation/Console/Kernel.php(310): Illuminate\\Foundation\\Application->bootstrapWith(Array)
#7 /Users/bilalsaleem/Documents/GitHub/dlivrdchatweb/vendor/laravel/framework/src/Illuminate/Foundation/Console/Kernel.php(127): Illuminate\\Foundation\\Console\\Kernel->bootstrap()
#8 /Users/bilalsaleem/Documents/GitHub/dlivrdchatweb/artisan(37): Illuminate\\Foundation\\Console\\Kernel->handle(Object(Symfony\\Component\\Console\\Input\\ArgvInput), Object(Symfony\\Component\\Console\\Output\\ConsoleOutput))
#9 {main}
"} 
[2020-09-08 12:20:46] production.ERROR: Please provide a valid cache path. {"exception":"[object] (InvalidArgumentException(code: 0): Please provide a valid cache path. at /Users/bilalsaleem/Documents/GitHub/dlivrdchatweb/vendor/laravel/framework/src/Illuminate/View/Compilers/Compiler.php:36)
[stacktrace]
#0 /Users/bilalsaleem/Documents/GitHub/dlivrdchatweb/vendor/laravel/framework/src/Illuminate/View/ViewServiceProvider.php(91): Illuminate\\View\\Compilers\\Compiler->__construct(Object(Illuminate\\Filesystem\\Filesystem), false)
#1 /Users/bilalsaleem/Documents/GitHub/dlivrdchatweb/vendor/laravel/framework/src/Illuminate/Container/Container.php(805): Illuminate\\View\\ViewServiceProvider->Illuminate\\View\\{closure}(Object(Illuminate\\Foundation\\Application), Array)
#2 /Users/bilalsaleem/Documents/GitHub/dlivrdchatweb/vendor/laravel/framework/src/Illuminate/Container/Container.php(691): Illuminate\\Container\\Container->build(Object(Closure))
#3 /Users/bilalsaleem/Documents/GitHub/dlivrdchatweb/vendor/laravel/framework/src/Illuminate/Foundation/Application.php(796): Illuminate\\Container\\Container->resolve('blade.compiler', Array, true)
#4 /Users/bilalsaleem/Documents/GitHub/dlivrdchatweb/vendor/laravel/framework/src/Illuminate/Container/Container.php(637): Illuminate\\Foundation\\Application->resolve('blade.compiler', Array)
#5 /Users/bilalsaleem/Documents/GitHub/dlivrdchatweb/vendor/laravel/framework/src/Illuminate/Foundation/Application.php(781): Illuminate\\Container\\Container->make('blade.compiler', Array)
#6 /Users/bilalsaleem/Documents/GitHub/dlivrdchatweb/vendor/laravel/framework/src/Illuminate/Container/Container.php(1284): Illuminate\\Foundation\\Application->make('blade.compiler')
#7 /Users/bilalsaleem/Documents/GitHub/dlivrdchatweb/vendor/laravel/framework/src/Illuminate/View/ViewServiceProvider.php(151): Illuminate\\Container\\Container->offsetGet('blade.compiler')
#8 [internal function]: Illuminate\\View\\ViewServiceProvider->Illuminate\\View\\{closure}()
#9 /Users/bilalsaleem/Documents/GitHub/dlivrdchatweb/vendor/laravel/framework/src/Illuminate/View/Engines/EngineResolver.php(55): call_user_func(Object(Closure))
#10 /Users/bilalsaleem/Documents/GitHub/dlivrdchatweb/vendor/facade/ignition/src/IgnitionServiceProvider.php(385): Illuminate\\View\\Engines\\EngineResolver->resolve('blade')
#11 /Users/bilalsaleem/Documents/GitHub/dlivrdchatweb/vendor/facade/ignition/src/IgnitionServiceProvider.php(123): Facade\\Ignition\\IgnitionServiceProvider->hasCustomViewEnginesRegistered()
#12 /Users/bilalsaleem/Documents/GitHub/dlivrdchatweb/vendor/facade/ignition/src/IgnitionServiceProvider.php(82): Facade\\Ignition\\IgnitionServiceProvider->registerViewEngines()
#13 [internal function]: Facade\\Ignition\\IgnitionServiceProvider->boot()
#14 /Users/bilalsaleem/Documents/GitHub/dlivrdchatweb/vendor/laravel/framework/src/Illuminate/Container/BoundMethod.php(37): call_user_func_array(Array, Array)
#15 /Users/bilalsaleem/Documents/GitHub/dlivrdchatweb/vendor/laravel/framework/src/Illuminate/Container/Util.php(37): Illuminate\\Container\\BoundMethod::Illuminate\\Container\\{closure}()
#16 /Users/bilalsaleem/Documents/GitHub/dlivrdchatweb/vendor/laravel/framework/src/Illuminate/Container/BoundMethod.php(95): Illuminate\\Container\\Util::unwrapIfClosure(Object(Closure))
#17 /Users/bilalsaleem/Documents/GitHub/dlivrdchatweb/vendor/laravel/framework/src/Illuminate/Container/BoundMethod.php(39): Illuminate\\Container\\BoundMethod::callBoundMethod(Object(Illuminate\\Foundation\\Application), Array, Object(Closure))
#18 /Users/bilalsaleem/Documents/GitHub/dlivrdchatweb/vendor/laravel/framework/src/Illuminate/Container/Container.php(596): Illuminate\\Container\\BoundMethod::call(Object(Illuminate\\Foundation\\Application), Array, Array, NULL)
#19 /Users/bilalsaleem/Documents/GitHub/dlivrdchatweb/vendor/laravel/framework/src/Illuminate/Foundation/Application.php(867): Illuminate\\Container\\Container->call(Array)
#20 /Users/bilalsaleem/Documents/GitHub/dlivrdchatweb/vendor/laravel/framework/src/Illuminate/Foundation/Application.php(850): Illuminate\\Foundation\\Application->bootProvider(Object(Facade\\Ignition\\IgnitionServiceProvider))
#21 [internal function]: Illuminate\\Foundation\\Application->Illuminate\\Foundation\\{closure}(Object(Facade\\Ignition\\IgnitionServiceProvider), 14)
#22 /Users/bilalsaleem/Documents/GitHub/dlivrdchatweb/vendor/laravel/framework/src/Illuminate/Foundation/Application.php(851): array_walk(Array, Object(Closure))
#23 /Users/bilalsaleem/Documents/GitHub/dlivrdchatweb/vendor/laravel/framework/src/Illuminate/Foundation/Bootstrap/BootProviders.php(17): Illuminate\\Foundation\\Application->boot()
#24 /Users/bilalsaleem/Documents/GitHub/dlivrdchatweb/vendor/laravel/framework/src/Illuminate/Foundation/Application.php(230): Illuminate\\Foundation\\Bootstrap\\BootProviders->bootstrap(Object(Illuminate\\Foundation\\Application))
#25 /Users/bilalsaleem/Documents/GitHub/dlivrdchatweb/vendor/laravel/framework/src/Illuminate/Foundation/Console/Kernel.php(310): Illuminate\\Foundation\\Application->bootstrapWith(Array)
#26 /Users/bilalsaleem/Documents/GitHub/dlivrdchatweb/vendor/laravel/framework/src/Illuminate/Foundation/Console/Kernel.php(127): Illuminate\\Foundation\\Console\\Kernel->bootstrap()
#27 /Users/bilalsaleem/Documents/GitHub/dlivrdchatweb/artisan(37): Illuminate\\Foundation\\Console\\Kernel->handle(Object(Symfony\\Component\\Console\\Input\\ArgvInput), Object(Symfony\\Component\\Console\\Output\\ConsoleOutput))
#28 {main}
"} 
[2020-09-08 12:24:58] production.ERROR: No application encryption key has been specified. {"exception":"[object] (RuntimeException(code: 0): No application encryption key has been specified. at /Users/bilalsaleem/Documents/GitHub/dlivrdchatweb/vendor/laravel/framework/src/Illuminate/Encryption/EncryptionServiceProvider.php:80)
[stacktrace]
#0 /Users/bilalsaleem/Documents/GitHub/dlivrdchatweb/vendor/laravel/framework/src/Illuminate/Support/helpers.php(433): Illuminate\\Encryption\\EncryptionServiceProvider->Illuminate\\Encryption\\{closure}(NULL)
#1 /Users/bilalsaleem/Documents/GitHub/dlivrdchatweb/vendor/laravel/framework/src/Illuminate/Encryption/EncryptionServiceProvider.php(84): tap(NULL, Object(Closure))
#2 /Users/bilalsaleem/Documents/GitHub/dlivrdchatweb/vendor/laravel/framework/src/Illuminate/Encryption/EncryptionServiceProvider.php(61): Illuminate\\Encryption\\EncryptionServiceProvider->key(Array)
#3 /Users/bilalsaleem/Documents/GitHub/dlivrdchatweb/vendor/laravel/framework/src/Illuminate/Encryption/EncryptionServiceProvider.php(33): Illuminate\\Encryption\\EncryptionServiceProvider->parseKey(Array)
#4 /Users/bilalsaleem/Documents/GitHub/dlivrdchatweb/vendor/laravel/framework/src/Illuminate/Container/Container.php(805): Illuminate\\Encryption\\EncryptionServiceProvider->Illuminate\\Encryption\\{closure}(Object(Illuminate\\Foundation\\Application), Array)
#5 /Users/bilalsaleem/Documents/GitHub/dlivrdchatweb/vendor/laravel/framework/src/Illuminate/Container/Container.php(691): Illuminate\\Container\\Container->build(Object(Closure))
#6 /Users/bilalsaleem/Documents/GitHub/dlivrdchatweb/vendor/laravel/framework/src/Illuminate/Foundation/Application.php(796): Illuminate\\Container\\Container->resolve('encrypter', Array, true)
#7 /Users/bilalsaleem/Documents/GitHub/dlivrdchatweb/vendor/laravel/framework/src/Illuminate/Container/Container.php(637): Illuminate\\Foundation\\Application->resolve('encrypter', Array)
#8 /Users/bilalsaleem/Documents/GitHub/dlivrdchatweb/vendor/laravel/framework/src/Illuminate/Foundation/Application.php(781): Illuminate\\Container\\Container->make('encrypter', Array)
#9 /Users/bilalsaleem/Documents/GitHub/dlivrdchatweb/vendor/laravel/framework/src/Illuminate/Container/Container.php(959): Illuminate\\Foundation\\Application->make('encrypter')
#10 /Users/bilalsaleem/Documents/GitHub/dlivrdchatweb/vendor/laravel/framework/src/Illuminate/Container/Container.php(879): Illuminate\\Container\\Container->resolveClass(Object(ReflectionParameter))
#11 /Users/bilalsaleem/Documents/GitHub/dlivrdchatweb/vendor/laravel/framework/src/Illuminate/Container/Container.php(840): Illuminate\\Container\\Container->resolveDependencies(Array)
#12 /Users/bilalsaleem/Documents/GitHub/dlivrdchatweb/vendor/laravel/framework/src/Illuminate/Container/Container.php(691): Illuminate\\Container\\Container->build('App\\\\Http\\\\Middle...')
#13 /Users/bilalsaleem/Documents/GitHub/dlivrdchatweb/vendor/laravel/framework/src/Illuminate/Foundation/Application.php(796): Illuminate\\Container\\Container->resolve('App\\\\Http\\\\Middle...', Array, true)
#14 /Users/bilalsaleem/Documents/GitHub/dlivrdchatweb/vendor/laravel/framework/src/Illuminate/Container/Container.php(637): Illuminate\\Foundation\\Application->resolve('App\\\\Http\\\\Middle...', Array)
#15 /Users/bilalsaleem/Documents/GitHub/dlivrdchatweb/vendor/laravel/framework/src/Illuminate/Foundation/Application.php(781): Illuminate\\Container\\Container->make('App\\\\Http\\\\Middle...', Array)
#16 /Users/bilalsaleem/Documents/GitHub/dlivrdchatweb/vendor/laravel/framework/src/Illuminate/Pipeline/Pipeline.php(156): Illuminate\\Foundation\\Application->make('App\\\\Http\\\\Middle...')
#17 /Users/bilalsaleem/Documents/GitHub/dlivrdchatweb/vendor/laravel/framework/src/Illuminate/Pipeline/Pipeline.php(103): Illuminate\\Pipeline\\Pipeline->Illuminate\\Pipeline\\{closure}(Object(Illuminate\\Http\\Request))
#18 /Users/bilalsaleem/Documents/GitHub/dlivrdchatweb/vendor/laravel/framework/src/Illuminate/Routing/Router.php(687): Illuminate\\Pipeline\\Pipeline->then(Object(Closure))
#19 /Users/bilalsaleem/Documents/GitHub/dlivrdchatweb/vendor/laravel/framework/src/Illuminate/Routing/Router.php(662): Illuminate\\Routing\\Router->runRouteWithinStack(Object(Illuminate\\Routing\\Route), Object(Illuminate\\Http\\Request))
#20 /Users/bilalsaleem/Documents/GitHub/dlivrdchatweb/vendor/laravel/framework/src/Illuminate/Routing/Router.php(628): Illuminate\\Routing\\Router->runRoute(Object(Illuminate\\Http\\Request), Object(Illuminate\\Routing\\Route))
#21 /Users/bilalsaleem/Documents/GitHub/dlivrdchatweb/vendor/laravel/framework/src/Illuminate/Routing/Router.php(617): Illuminate\\Routing\\Router->dispatchToRoute(Object(Illuminate\\Http\\Request))
#22 /Users/bilalsaleem/Documents/GitHub/dlivrdchatweb/vendor/laravel/framework/src/Illuminate/Foundation/Http/Kernel.php(165): Illuminate\\Routing\\Router->dispatch(Object(Illuminate\\Http\\Request))
#23 /Users/bilalsaleem/Documents/GitHub/dlivrdchatweb/vendor/laravel/framework/src/Illuminate/Pipeline/Pipeline.php(128): Illuminate\\Foundation\\Http\\Kernel->Illuminate\\Foundation\\Http\\{closure}(Object(Illuminate\\Http\\Request))
#24 /Users/bilalsaleem/Documents/GitHub/dlivrdchatweb/vendor/laravel/framework/src/Illuminate/Foundation/Http/Middleware/TransformsRequest.php(21): Illuminate\\Pipeline\\Pipeline->Illuminate\\Pipeline\\{closure}(Object(Illuminate\\Http\\Request))
#25 /Users/bilalsaleem/Documents/GitHub/dlivrdchatweb/vendor/laravel/framework/src/Illuminate/Pipeline/Pipeline.php(167): Illuminate\\Foundation\\Http\\Middleware\\TransformsRequest->handle(Object(Illuminate\\Http\\Request), Object(Closure))
#26 /Users/bilalsaleem/Documents/GitHub/dlivrdchatweb/vendor/laravel/framework/src/Illuminate/Foundation/Http/Middleware/TransformsRequest.php(21): Illuminate\\Pipeline\\Pipeline->Illuminate\\Pipeline\\{closure}(Object(Illuminate\\Http\\Request))
#27 /Users/bilalsaleem/Documents/GitHub/dlivrdchatweb/vendor/laravel/framework/src/Illuminate/Pipeline/Pipeline.php(167): Illuminate\\Foundation\\Http\\Middleware\\TransformsRequest->handle(Object(Illuminate\\Http\\Request), Object(Closure))
#28 /Users/bilalsaleem/Documents/GitHub/dlivrdchatweb/vendor/laravel/framework/src/Illuminate/Foundation/Http/Middleware/ValidatePostSize.php(27): Illuminate\\Pipeline\\Pipeline->Illuminate\\Pipeline\\{closure}(Object(Illuminate\\Http\\Request))
#29 /Users/bilalsaleem/Documents/GitHub/dlivrdchatweb/vendor/laravel/framework/src/Illuminate/Pipeline/Pipeline.php(167): Illuminate\\Foundation\\Http\\Middleware\\ValidatePostSize->handle(Object(Illuminate\\Http\\Request), Object(Closure))
#30 /Users/bilalsaleem/Documents/GitHub/dlivrdchatweb/vendor/laravel/framework/src/Illuminate/Foundation/Http/Middleware/CheckForMaintenanceMode.php(63): Illuminate\\Pipeline\\Pipeline->Illuminate\\Pipeline\\{closure}(Object(Illuminate\\Http\\Request))
#31 /Users/bilalsaleem/Documents/GitHub/dlivrdchatweb/vendor/laravel/framework/src/Illuminate/Pipeline/Pipeline.php(167): Illuminate\\Foundation\\Http\\Middleware\\CheckForMaintenanceMode->handle(Object(Illuminate\\Http\\Request), Object(Closure))
#32 /Users/bilalsaleem/Documents/GitHub/dlivrdchatweb/vendor/fruitcake/laravel-cors/src/HandleCors.php(37): Illuminate\\Pipeline\\Pipeline->Illuminate\\Pipeline\\{closure}(Object(Illuminate\\Http\\Request))
#33 /Users/bilalsaleem/Documents/GitHub/dlivrdchatweb/vendor/laravel/framework/src/Illuminate/Pipeline/Pipeline.php(167): Fruitcake\\Cors\\HandleCors->handle(Object(Illuminate\\Http\\Request), Object(Closure))
#34 /Users/bilalsaleem/Documents/GitHub/dlivrdchatweb/vendor/fideloper/proxy/src/TrustProxies.php(57): Illuminate\\Pipeline\\Pipeline->Illuminate\\Pipeline\\{closure}(Object(Illuminate\\Http\\Request))
#35 /Users/bilalsaleem/Documents/GitHub/dlivrdchatweb/vendor/laravel/framework/src/Illuminate/Pipeline/Pipeline.php(167): Fideloper\\Proxy\\TrustProxies->handle(Object(Illuminate\\Http\\Request), Object(Closure))
#36 /Users/bilalsaleem/Documents/GitHub/dlivrdchatweb/vendor/laravel/framework/src/Illuminate/Pipeline/Pipeline.php(103): Illuminate\\Pipeline\\Pipeline->Illuminate\\Pipeline\\{closure}(Object(Illuminate\\Http\\Request))
#37 /Users/bilalsaleem/Documents/GitHub/dlivrdchatweb/vendor/laravel/framework/src/Illuminate/Foundation/Http/Kernel.php(140): Illuminate\\Pipeline\\Pipeline->then(Object(Closure))
#38 /Users/bilalsaleem/Documents/GitHub/dlivrdchatweb/vendor/laravel/framework/src/Illuminate/Foundation/Http/Kernel.php(109): Illuminate\\Foundation\\Http\\Kernel->sendRequestThroughRouter(Object(Illuminate\\Http\\Request))
#39 /Users/bilalsaleem/Documents/GitHub/dlivrdchatweb/public/index.php(55): Illuminate\\Foundation\\Http\\Kernel->handle(Object(Illuminate\\Http\\Request))
#40 /Users/bilalsaleem/Documents/GitHub/dlivrdchatweb/server.php(21): require_once('/Users/bilalsal...')
#41 {main}
"} 
[2020-09-08 12:24:58] production.ERROR: No application encryption key has been specified. {"exception":"[object] (RuntimeException(code: 0): No application encryption key has been specified. at /Users/bilalsaleem/Documents/GitHub/dlivrdchatweb/vendor/laravel/framework/src/Illuminate/Encryption/EncryptionServiceProvider.php:80)
[stacktrace]
#0 /Users/bilalsaleem/Documents/GitHub/dlivrdchatweb/vendor/laravel/framework/src/Illuminate/Support/helpers.php(433): Illuminate\\Encryption\\EncryptionServiceProvider->Illuminate\\Encryption\\{closure}(NULL)
#1 /Users/bilalsaleem/Documents/GitHub/dlivrdchatweb/vendor/laravel/framework/src/Illuminate/Encryption/EncryptionServiceProvider.php(84): tap(NULL, Object(Closure))
#2 /Users/bilalsaleem/Documents/GitHub/dlivrdchatweb/vendor/laravel/framework/src/Illuminate/Encryption/EncryptionServiceProvider.php(61): Illuminate\\Encryption\\EncryptionServiceProvider->key(Array)
#3 /Users/bilalsaleem/Documents/GitHub/dlivrdchatweb/vendor/laravel/framework/src/Illuminate/Encryption/EncryptionServiceProvider.php(33): Illuminate\\Encryption\\EncryptionServiceProvider->parseKey(Array)
#4 /Users/bilalsaleem/Documents/GitHub/dlivrdchatweb/vendor/laravel/framework/src/Illuminate/Container/Container.php(805): Illuminate\\Encryption\\EncryptionServiceProvider->Illuminate\\Encryption\\{closure}(Object(Illuminate\\Foundation\\Application), Array)
#5 /Users/bilalsaleem/Documents/GitHub/dlivrdchatweb/vendor/laravel/framework/src/Illuminate/Container/Container.php(691): Illuminate\\Container\\Container->build(Object(Closure))
#6 /Users/bilalsaleem/Documents/GitHub/dlivrdchatweb/vendor/laravel/framework/src/Illuminate/Foundation/Application.php(796): Illuminate\\Container\\Container->resolve('encrypter', Array, true)
#7 /Users/bilalsaleem/Documents/GitHub/dlivrdchatweb/vendor/laravel/framework/src/Illuminate/Container/Container.php(637): Illuminate\\Foundation\\Application->resolve('encrypter', Array)
#8 /Users/bilalsaleem/Documents/GitHub/dlivrdchatweb/vendor/laravel/framework/src/Illuminate/Foundation/Application.php(781): Illuminate\\Container\\Container->make('encrypter', Array)
#9 /Users/bilalsaleem/Documents/GitHub/dlivrdchatweb/vendor/laravel/framework/src/Illuminate/Container/Container.php(959): Illuminate\\Foundation\\Application->make('encrypter')
#10 /Users/bilalsaleem/Documents/GitHub/dlivrdchatweb/vendor/laravel/framework/src/Illuminate/Container/Container.php(879): Illuminate\\Container\\Container->resolveClass(Object(ReflectionParameter))
#11 /Users/bilalsaleem/Documents/GitHub/dlivrdchatweb/vendor/laravel/framework/src/Illuminate/Container/Container.php(840): Illuminate\\Container\\Container->resolveDependencies(Array)
#12 /Users/bilalsaleem/Documents/GitHub/dlivrdchatweb/vendor/laravel/framework/src/Illuminate/Container/Container.php(691): Illuminate\\Container\\Container->build('App\\\\Http\\\\Middle...')
#13 /Users/bilalsaleem/Documents/GitHub/dlivrdchatweb/vendor/laravel/framework/src/Illuminate/Foundation/Application.php(796): Illuminate\\Container\\Container->resolve('App\\\\Http\\\\Middle...', Array, true)
#14 /Users/bilalsaleem/Documents/GitHub/dlivrdchatweb/vendor/laravel/framework/src/Illuminate/Container/Container.php(637): Illuminate\\Foundation\\Application->resolve('App\\\\Http\\\\Middle...', Array)
#15 /Users/bilalsaleem/Documents/GitHub/dlivrdchatweb/vendor/laravel/framework/src/Illuminate/Foundation/Application.php(781): Illuminate\\Container\\Container->make('App\\\\Http\\\\Middle...', Array)
#16 /Users/bilalsaleem/Documents/GitHub/dlivrdchatweb/vendor/laravel/framework/src/Illuminate/Foundation/Http/Kernel.php(204): Illuminate\\Foundation\\Application->make('App\\\\Http\\\\Middle...')
#17 /Users/bilalsaleem/Documents/GitHub/dlivrdchatweb/vendor/laravel/framework/src/Illuminate/Foundation/Http/Kernel.php(178): Illuminate\\Foundation\\Http\\Kernel->terminateMiddleware(Object(Illuminate\\Http\\Request), Object(Illuminate\\Http\\Response))
#18 /Users/bilalsaleem/Documents/GitHub/dlivrdchatweb/public/index.php(60): Illuminate\\Foundation\\Http\\Kernel->terminate(Object(Illuminate\\Http\\Request), Object(Illuminate\\Http\\Response))
#19 /Users/bilalsaleem/Documents/GitHub/dlivrdchatweb/server.php(21): require_once('/Users/bilalsal...')
#20 {main}
"} 
[2020-09-08 12:25:05] production.ERROR: No application encryption key has been specified. {"exception":"[object] (RuntimeException(code: 0): No application encryption key has been specified. at /Users/bilalsaleem/Documents/GitHub/dlivrdchatweb/vendor/laravel/framework/src/Illuminate/Encryption/EncryptionServiceProvider.php:80)
[stacktrace]
#0 /Users/bilalsaleem/Documents/GitHub/dlivrdchatweb/vendor/laravel/framework/src/Illuminate/Support/helpers.php(433): Illuminate\\Encryption\\EncryptionServiceProvider->Illuminate\\Encryption\\{closure}(NULL)
#1 /Users/bilalsaleem/Documents/GitHub/dlivrdchatweb/vendor/laravel/framework/src/Illuminate/Encryption/EncryptionServiceProvider.php(84): tap(NULL, Object(Closure))
#2 /Users/bilalsaleem/Documents/GitHub/dlivrdchatweb/vendor/laravel/framework/src/Illuminate/Encryption/EncryptionServiceProvider.php(61): Illuminate\\Encryption\\EncryptionServiceProvider->key(Array)
#3 /Users/bilalsaleem/Documents/GitHub/dlivrdchatweb/vendor/laravel/framework/src/Illuminate/Encryption/EncryptionServiceProvider.php(33): Illuminate\\Encryption\\EncryptionServiceProvider->parseKey(Array)
#4 /Users/bilalsaleem/Documents/GitHub/dlivrdchatweb/vendor/laravel/framework/src/Illuminate/Container/Container.php(805): Illuminate\\Encryption\\EncryptionServiceProvider->Illuminate\\Encryption\\{closure}(Object(Illuminate\\Foundation\\Application), Array)
#5 /Users/bilalsaleem/Documents/GitHub/dlivrdchatweb/vendor/laravel/framework/src/Illuminate/Container/Container.php(691): Illuminate\\Container\\Container->build(Object(Closure))
#6 /Users/bilalsaleem/Documents/GitHub/dlivrdchatweb/vendor/laravel/framework/src/Illuminate/Foundation/Application.php(796): Illuminate\\Container\\Container->resolve('encrypter', Array, true)
#7 /Users/bilalsaleem/Documents/GitHub/dlivrdchatweb/vendor/laravel/framework/src/Illuminate/Container/Container.php(637): Illuminate\\Foundation\\Application->resolve('encrypter', Array)
#8 /Users/bilalsaleem/Documents/GitHub/dlivrdchatweb/vendor/laravel/framework/src/Illuminate/Foundation/Application.php(781): Illuminate\\Container\\Container->make('encrypter', Array)
#9 /Users/bilalsaleem/Documents/GitHub/dlivrdchatweb/vendor/laravel/framework/src/Illuminate/Container/Container.php(959): Illuminate\\Foundation\\Application->make('encrypter')
#10 /Users/bilalsaleem/Documents/GitHub/dlivrdchatweb/vendor/laravel/framework/src/Illuminate/Container/Container.php(879): Illuminate\\Container\\Container->resolveClass(Object(ReflectionParameter))
#11 /Users/bilalsaleem/Documents/GitHub/dlivrdchatweb/vendor/laravel/framework/src/Illuminate/Container/Container.php(840): Illuminate\\Container\\Container->resolveDependencies(Array)
#12 /Users/bilalsaleem/Documents/GitHub/dlivrdchatweb/vendor/laravel/framework/src/Illuminate/Container/Container.php(691): Illuminate\\Container\\Container->build('App\\\\Http\\\\Middle...')
#13 /Users/bilalsaleem/Documents/GitHub/dlivrdchatweb/vendor/laravel/framework/src/Illuminate/Foundation/Application.php(796): Illuminate\\Container\\Container->resolve('App\\\\Http\\\\Middle...', Array, true)
#14 /Users/bilalsaleem/Documents/GitHub/dlivrdchatweb/vendor/laravel/framework/src/Illuminate/Container/Container.php(637): Illuminate\\Foundation\\Application->resolve('App\\\\Http\\\\Middle...', Array)
#15 /Users/bilalsaleem/Documents/GitHub/dlivrdchatweb/vendor/laravel/framework/src/Illuminate/Foundation/Application.php(781): Illuminate\\Container\\Container->make('App\\\\Http\\\\Middle...', Array)
#16 /Users/bilalsaleem/Documents/GitHub/dlivrdchatweb/vendor/laravel/framework/src/Illuminate/Pipeline/Pipeline.php(156): Illuminate\\Foundation\\Application->make('App\\\\Http\\\\Middle...')
#17 /Users/bilalsaleem/Documents/GitHub/dlivrdchatweb/vendor/laravel/framework/src/Illuminate/Pipeline/Pipeline.php(103): Illuminate\\Pipeline\\Pipeline->Illuminate\\Pipeline\\{closure}(Object(Illuminate\\Http\\Request))
#18 /Users/bilalsaleem/Documents/GitHub/dlivrdchatweb/vendor/laravel/framework/src/Illuminate/Routing/Router.php(687): Illuminate\\Pipeline\\Pipeline->then(Object(Closure))
#19 /Users/bilalsaleem/Documents/GitHub/dlivrdchatweb/vendor/laravel/framework/src/Illuminate/Routing/Router.php(662): Illuminate\\Routing\\Router->runRouteWithinStack(Object(Illuminate\\Routing\\Route), Object(Illuminate\\Http\\Request))
#20 /Users/bilalsaleem/Documents/GitHub/dlivrdchatweb/vendor/laravel/framework/src/Illuminate/Routing/Router.php(628): Illuminate\\Routing\\Router->runRoute(Object(Illuminate\\Http\\Request), Object(Illuminate\\Routing\\Route))
#21 /Users/bilalsaleem/Documents/GitHub/dlivrdchatweb/vendor/laravel/framework/src/Illuminate/Routing/Router.php(617): Illuminate\\Routing\\Router->dispatchToRoute(Object(Illuminate\\Http\\Request))
#22 /Users/bilalsaleem/Documents/GitHub/dlivrdchatweb/vendor/laravel/framework/src/Illuminate/Foundation/Http/Kernel.php(165): Illuminate\\Routing\\Router->dispatch(Object(Illuminate\\Http\\Request))
#23 /Users/bilalsaleem/Documents/GitHub/dlivrdchatweb/vendor/laravel/framework/src/Illuminate/Pipeline/Pipeline.php(128): Illuminate\\Foundation\\Http\\Kernel->Illuminate\\Foundation\\Http\\{closure}(Object(Illuminate\\Http\\Request))
#24 /Users/bilalsaleem/Documents/GitHub/dlivrdchatweb/vendor/laravel/framework/src/Illuminate/Foundation/Http/Middleware/TransformsRequest.php(21): Illuminate\\Pipeline\\Pipeline->Illuminate\\Pipeline\\{closure}(Object(Illuminate\\Http\\Request))
#25 /Users/bilalsaleem/Documents/GitHub/dlivrdchatweb/vendor/laravel/framework/src/Illuminate/Pipeline/Pipeline.php(167): Illuminate\\Foundation\\Http\\Middleware\\TransformsRequest->handle(Object(Illuminate\\Http\\Request), Object(Closure))
#26 /Users/bilalsaleem/Documents/GitHub/dlivrdchatweb/vendor/laravel/framework/src/Illuminate/Foundation/Http/Middleware/TransformsRequest.php(21): Illuminate\\Pipeline\\Pipeline->Illuminate\\Pipeline\\{closure}(Object(Illuminate\\Http\\Request))
#27 /Users/bilalsaleem/Documents/GitHub/dlivrdchatweb/vendor/laravel/framework/src/Illuminate/Pipeline/Pipeline.php(167): Illuminate\\Foundation\\Http\\Middleware\\TransformsRequest->handle(Object(Illuminate\\Http\\Request), Object(Closure))
#28 /Users/bilalsaleem/Documents/GitHub/dlivrdchatweb/vendor/laravel/framework/src/Illuminate/Foundation/Http/Middleware/ValidatePostSize.php(27): Illuminate\\Pipeline\\Pipeline->Illuminate\\Pipeline\\{closure}(Object(Illuminate\\Http\\Request))
#29 /Users/bilalsaleem/Documents/GitHub/dlivrdchatweb/vendor/laravel/framework/src/Illuminate/Pipeline/Pipeline.php(167): Illuminate\\Foundation\\Http\\Middleware\\ValidatePostSize->handle(Object(Illuminate\\Http\\Request), Object(Closure))
#30 /Users/bilalsaleem/Documents/GitHub/dlivrdchatweb/vendor/laravel/framework/src/Illuminate/Foundation/Http/Middleware/CheckForMaintenanceMode.php(63): Illuminate\\Pipeline\\Pipeline->Illuminate\\Pipeline\\{closure}(Object(Illuminate\\Http\\Request))
#31 /Users/bilalsaleem/Documents/GitHub/dlivrdchatweb/vendor/laravel/framework/src/Illuminate/Pipeline/Pipeline.php(167): Illuminate\\Foundation\\Http\\Middleware\\CheckForMaintenanceMode->handle(Object(Illuminate\\Http\\Request), Object(Closure))
#32 /Users/bilalsaleem/Documents/GitHub/dlivrdchatweb/vendor/fruitcake/laravel-cors/src/HandleCors.php(37): Illuminate\\Pipeline\\Pipeline->Illuminate\\Pipeline\\{closure}(Object(Illuminate\\Http\\Request))
#33 /Users/bilalsaleem/Documents/GitHub/dlivrdchatweb/vendor/laravel/framework/src/Illuminate/Pipeline/Pipeline.php(167): Fruitcake\\Cors\\HandleCors->handle(Object(Illuminate\\Http\\Request), Object(Closure))
#34 /Users/bilalsaleem/Documents/GitHub/dlivrdchatweb/vendor/fideloper/proxy/src/TrustProxies.php(57): Illuminate\\Pipeline\\Pipeline->Illuminate\\Pipeline\\{closure}(Object(Illuminate\\Http\\Request))
#35 /Users/bilalsaleem/Documents/GitHub/dlivrdchatweb/vendor/laravel/framework/src/Illuminate/Pipeline/Pipeline.php(167): Fideloper\\Proxy\\TrustProxies->handle(Object(Illuminate\\Http\\Request), Object(Closure))
#36 /Users/bilalsaleem/Documents/GitHub/dlivrdchatweb/vendor/laravel/framework/src/Illuminate/Pipeline/Pipeline.php(103): Illuminate\\Pipeline\\Pipeline->Illuminate\\Pipeline\\{closure}(Object(Illuminate\\Http\\Request))
#37 /Users/bilalsaleem/Documents/GitHub/dlivrdchatweb/vendor/laravel/framework/src/Illuminate/Foundation/Http/Kernel.php(140): Illuminate\\Pipeline\\Pipeline->then(Object(Closure))
#38 /Users/bilalsaleem/Documents/GitHub/dlivrdchatweb/vendor/laravel/framework/src/Illuminate/Foundation/Http/Kernel.php(109): Illuminate\\Foundation\\Http\\Kernel->sendRequestThroughRouter(Object(Illuminate\\Http\\Request))
#39 /Users/bilalsaleem/Documents/GitHub/dlivrdchatweb/public/index.php(55): Illuminate\\Foundation\\Http\\Kernel->handle(Object(Illuminate\\Http\\Request))
#40 /Users/bilalsaleem/Documents/GitHub/dlivrdchatweb/server.php(21): require_once('/Users/bilalsal...')
#41 {main}
"} 
[2020-09-08 12:25:05] production.ERROR: No application encryption key has been specified. {"exception":"[object] (RuntimeException(code: 0): No application encryption key has been specified. at /Users/bilalsaleem/Documents/GitHub/dlivrdchatweb/vendor/laravel/framework/src/Illuminate/Encryption/EncryptionServiceProvider.php:80)
[stacktrace]
#0 /Users/bilalsaleem/Documents/GitHub/dlivrdchatweb/vendor/laravel/framework/src/Illuminate/Support/helpers.php(433): Illuminate\\Encryption\\EncryptionServiceProvider->Illuminate\\Encryption\\{closure}(NULL)
#1 /Users/bilalsaleem/Documents/GitHub/dlivrdchatweb/vendor/laravel/framework/src/Illuminate/Encryption/EncryptionServiceProvider.php(84): tap(NULL, Object(Closure))
#2 /Users/bilalsaleem/Documents/GitHub/dlivrdchatweb/vendor/laravel/framework/src/Illuminate/Encryption/EncryptionServiceProvider.php(61): Illuminate\\Encryption\\EncryptionServiceProvider->key(Array)
#3 /Users/bilalsaleem/Documents/GitHub/dlivrdchatweb/vendor/laravel/framework/src/Illuminate/Encryption/EncryptionServiceProvider.php(33): Illuminate\\Encryption\\EncryptionServiceProvider->parseKey(Array)
#4 /Users/bilalsaleem/Documents/GitHub/dlivrdchatweb/vendor/laravel/framework/src/Illuminate/Container/Container.php(805): Illuminate\\Encryption\\EncryptionServiceProvider->Illuminate\\Encryption\\{closure}(Object(Illuminate\\Foundation\\Application), Array)
#5 /Users/bilalsaleem/Documents/GitHub/dlivrdchatweb/vendor/laravel/framework/src/Illuminate/Container/Container.php(691): Illuminate\\Container\\Container->build(Object(Closure))
#6 /Users/bilalsaleem/Documents/GitHub/dlivrdchatweb/vendor/laravel/framework/src/Illuminate/Foundation/Application.php(796): Illuminate\\Container\\Container->resolve('encrypter', Array, true)
#7 /Users/bilalsaleem/Documents/GitHub/dlivrdchatweb/vendor/laravel/framework/src/Illuminate/Container/Container.php(637): Illuminate\\Foundation\\Application->resolve('encrypter', Array)
#8 /Users/bilalsaleem/Documents/GitHub/dlivrdchatweb/vendor/laravel/framework/src/Illuminate/Foundation/Application.php(781): Illuminate\\Container\\Container->make('encrypter', Array)
#9 /Users/bilalsaleem/Documents/GitHub/dlivrdchatweb/vendor/laravel/framework/src/Illuminate/Container/Container.php(959): Illuminate\\Foundation\\Application->make('encrypter')
#10 /Users/bilalsaleem/Documents/GitHub/dlivrdchatweb/vendor/laravel/framework/src/Illuminate/Container/Container.php(879): Illuminate\\Container\\Container->resolveClass(Object(ReflectionParameter))
#11 /Users/bilalsaleem/Documents/GitHub/dlivrdchatweb/vendor/laravel/framework/src/Illuminate/Container/Container.php(840): Illuminate\\Container\\Container->resolveDependencies(Array)
#12 /Users/bilalsaleem/Documents/GitHub/dlivrdchatweb/vendor/laravel/framework/src/Illuminate/Container/Container.php(691): Illuminate\\Container\\Container->build('App\\\\Http\\\\Middle...')
#13 /Users/bilalsaleem/Documents/GitHub/dlivrdchatweb/vendor/laravel/framework/src/Illuminate/Foundation/Application.php(796): Illuminate\\Container\\Container->resolve('App\\\\Http\\\\Middle...', Array, true)
#14 /Users/bilalsaleem/Documents/GitHub/dlivrdchatweb/vendor/laravel/framework/src/Illuminate/Container/Container.php(637): Illuminate\\Foundation\\Application->resolve('App\\\\Http\\\\Middle...', Array)
#15 /Users/bilalsaleem/Documents/GitHub/dlivrdchatweb/vendor/laravel/framework/src/Illuminate/Foundation/Application.php(781): Illuminate\\Container\\Container->make('App\\\\Http\\\\Middle...', Array)
#16 /Users/bilalsaleem/Documents/GitHub/dlivrdchatweb/vendor/laravel/framework/src/Illuminate/Foundation/Http/Kernel.php(204): Illuminate\\Foundation\\Application->make('App\\\\Http\\\\Middle...')
#17 /Users/bilalsaleem/Documents/GitHub/dlivrdchatweb/vendor/laravel/framework/src/Illuminate/Foundation/Http/Kernel.php(178): Illuminate\\Foundation\\Http\\Kernel->terminateMiddleware(Object(Illuminate\\Http\\Request), Object(Illuminate\\Http\\Response))
#18 /Users/bilalsaleem/Documents/GitHub/dlivrdchatweb/public/index.php(60): Illuminate\\Foundation\\Http\\Kernel->terminate(Object(Illuminate\\Http\\Request), Object(Illuminate\\Http\\Response))
#19 /Users/bilalsaleem/Documents/GitHub/dlivrdchatweb/server.php(21): require_once('/Users/bilalsal...')
#20 {main}
"} 
[2020-09-08 12:25:07] production.ERROR: No application encryption key has been specified. {"exception":"[object] (RuntimeException(code: 0): No application encryption key has been specified. at /Users/bilalsaleem/Documents/GitHub/dlivrdchatweb/vendor/laravel/framework/src/Illuminate/Encryption/EncryptionServiceProvider.php:80)
[stacktrace]
#0 /Users/bilalsaleem/Documents/GitHub/dlivrdchatweb/vendor/laravel/framework/src/Illuminate/Support/helpers.php(433): Illuminate\\Encryption\\EncryptionServiceProvider->Illuminate\\Encryption\\{closure}(NULL)
#1 /Users/bilalsaleem/Documents/GitHub/dlivrdchatweb/vendor/laravel/framework/src/Illuminate/Encryption/EncryptionServiceProvider.php(84): tap(NULL, Object(Closure))
#2 /Users/bilalsaleem/Documents/GitHub/dlivrdchatweb/vendor/laravel/framework/src/Illuminate/Encryption/EncryptionServiceProvider.php(61): Illuminate\\Encryption\\EncryptionServiceProvider->key(Array)
#3 /Users/bilalsaleem/Documents/GitHub/dlivrdchatweb/vendor/laravel/framework/src/Illuminate/Encryption/EncryptionServiceProvider.php(33): Illuminate\\Encryption\\EncryptionServiceProvider->parseKey(Array)
#4 /Users/bilalsaleem/Documents/GitHub/dlivrdchatweb/vendor/laravel/framework/src/Illuminate/Container/Container.php(805): Illuminate\\Encryption\\EncryptionServiceProvider->Illuminate\\Encryption\\{closure}(Object(Illuminate\\Foundation\\Application), Array)
#5 /Users/bilalsaleem/Documents/GitHub/dlivrdchatweb/vendor/laravel/framework/src/Illuminate/Container/Container.php(691): Illuminate\\Container\\Container->build(Object(Closure))
#6 /Users/bilalsaleem/Documents/GitHub/dlivrdchatweb/vendor/laravel/framework/src/Illuminate/Foundation/Application.php(796): Illuminate\\Container\\Container->resolve('encrypter', Array, true)
#7 /Users/bilalsaleem/Documents/GitHub/dlivrdchatweb/vendor/laravel/framework/src/Illuminate/Container/Container.php(637): Illuminate\\Foundation\\Application->resolve('encrypter', Array)
#8 /Users/bilalsaleem/Documents/GitHub/dlivrdchatweb/vendor/laravel/framework/src/Illuminate/Foundation/Application.php(781): Illuminate\\Container\\Container->make('encrypter', Array)
#9 /Users/bilalsaleem/Documents/GitHub/dlivrdchatweb/vendor/laravel/framework/src/Illuminate/Container/Container.php(959): Illuminate\\Foundation\\Application->make('encrypter')
#10 /Users/bilalsaleem/Documents/GitHub/dlivrdchatweb/vendor/laravel/framework/src/Illuminate/Container/Container.php(879): Illuminate\\Container\\Container->resolveClass(Object(ReflectionParameter))
#11 /Users/bilalsaleem/Documents/GitHub/dlivrdchatweb/vendor/laravel/framework/src/Illuminate/Container/Container.php(840): Illuminate\\Container\\Container->resolveDependencies(Array)
#12 /Users/bilalsaleem/Documents/GitHub/dlivrdchatweb/vendor/laravel/framework/src/Illuminate/Container/Container.php(691): Illuminate\\Container\\Container->build('App\\\\Http\\\\Middle...')
#13 /Users/bilalsaleem/Documents/GitHub/dlivrdchatweb/vendor/laravel/framework/src/Illuminate/Foundation/Application.php(796): Illuminate\\Container\\Container->resolve('App\\\\Http\\\\Middle...', Array, true)
#14 /Users/bilalsaleem/Documents/GitHub/dlivrdchatweb/vendor/laravel/framework/src/Illuminate/Container/Container.php(637): Illuminate\\Foundation\\Application->resolve('App\\\\Http\\\\Middle...', Array)
#15 /Users/bilalsaleem/Documents/GitHub/dlivrdchatweb/vendor/laravel/framework/src/Illuminate/Foundation/Application.php(781): Illuminate\\Container\\Container->make('App\\\\Http\\\\Middle...', Array)
#16 /Users/bilalsaleem/Documents/GitHub/dlivrdchatweb/vendor/laravel/framework/src/Illuminate/Pipeline/Pipeline.php(156): Illuminate\\Foundation\\Application->make('App\\\\Http\\\\Middle...')
#17 /Users/bilalsaleem/Documents/GitHub/dlivrdchatweb/vendor/laravel/framework/src/Illuminate/Pipeline/Pipeline.php(103): Illuminate\\Pipeline\\Pipeline->Illuminate\\Pipeline\\{closure}(Object(Illuminate\\Http\\Request))
#18 /Users/bilalsaleem/Documents/GitHub/dlivrdchatweb/vendor/laravel/framework/src/Illuminate/Routing/Router.php(687): Illuminate\\Pipeline\\Pipeline->then(Object(Closure))
#19 /Users/bilalsaleem/Documents/GitHub/dlivrdchatweb/vendor/laravel/framework/src/Illuminate/Routing/Router.php(662): Illuminate\\Routing\\Router->runRouteWithinStack(Object(Illuminate\\Routing\\Route), Object(Illuminate\\Http\\Request))
#20 /Users/bilalsaleem/Documents/GitHub/dlivrdchatweb/vendor/laravel/framework/src/Illuminate/Routing/Router.php(628): Illuminate\\Routing\\Router->runRoute(Object(Illuminate\\Http\\Request), Object(Illuminate\\Routing\\Route))
#21 /Users/bilalsaleem/Documents/GitHub/dlivrdchatweb/vendor/laravel/framework/src/Illuminate/Routing/Router.php(617): Illuminate\\Routing\\Router->dispatchToRoute(Object(Illuminate\\Http\\Request))
#22 /Users/bilalsaleem/Documents/GitHub/dlivrdchatweb/vendor/laravel/framework/src/Illuminate/Foundation/Http/Kernel.php(165): Illuminate\\Routing\\Router->dispatch(Object(Illuminate\\Http\\Request))
#23 /Users/bilalsaleem/Documents/GitHub/dlivrdchatweb/vendor/laravel/framework/src/Illuminate/Pipeline/Pipeline.php(128): Illuminate\\Foundation\\Http\\Kernel->Illuminate\\Foundation\\Http\\{closure}(Object(Illuminate\\Http\\Request))
#24 /Users/bilalsaleem/Documents/GitHub/dlivrdchatweb/vendor/laravel/framework/src/Illuminate/Foundation/Http/Middleware/TransformsRequest.php(21): Illuminate\\Pipeline\\Pipeline->Illuminate\\Pipeline\\{closure}(Object(Illuminate\\Http\\Request))
#25 /Users/bilalsaleem/Documents/GitHub/dlivrdchatweb/vendor/laravel/framework/src/Illuminate/Pipeline/Pipeline.php(167): Illuminate\\Foundation\\Http\\Middleware\\TransformsRequest->handle(Object(Illuminate\\Http\\Request), Object(Closure))
#26 /Users/bilalsaleem/Documents/GitHub/dlivrdchatweb/vendor/laravel/framework/src/Illuminate/Foundation/Http/Middleware/TransformsRequest.php(21): Illuminate\\Pipeline\\Pipeline->Illuminate\\Pipeline\\{closure}(Object(Illuminate\\Http\\Request))
#27 /Users/bilalsaleem/Documents/GitHub/dlivrdchatweb/vendor/laravel/framework/src/Illuminate/Pipeline/Pipeline.php(167): Illuminate\\Foundation\\Http\\Middleware\\TransformsRequest->handle(Object(Illuminate\\Http\\Request), Object(Closure))
#28 /Users/bilalsaleem/Documents/GitHub/dlivrdchatweb/vendor/laravel/framework/src/Illuminate/Foundation/Http/Middleware/ValidatePostSize.php(27): Illuminate\\Pipeline\\Pipeline->Illuminate\\Pipeline\\{closure}(Object(Illuminate\\Http\\Request))
#29 /Users/bilalsaleem/Documents/GitHub/dlivrdchatweb/vendor/laravel/framework/src/Illuminate/Pipeline/Pipeline.php(167): Illuminate\\Foundation\\Http\\Middleware\\ValidatePostSize->handle(Object(Illuminate\\Http\\Request), Object(Closure))
#30 /Users/bilalsaleem/Documents/GitHub/dlivrdchatweb/vendor/laravel/framework/src/Illuminate/Foundation/Http/Middleware/CheckForMaintenanceMode.php(63): Illuminate\\Pipeline\\Pipeline->Illuminate\\Pipeline\\{closure}(Object(Illuminate\\Http\\Request))
#31 /Users/bilalsaleem/Documents/GitHub/dlivrdchatweb/vendor/laravel/framework/src/Illuminate/Pipeline/Pipeline.php(167): Illuminate\\Foundation\\Http\\Middleware\\CheckForMaintenanceMode->handle(Object(Illuminate\\Http\\Request), Object(Closure))
#32 /Users/bilalsaleem/Documents/GitHub/dlivrdchatweb/vendor/fruitcake/laravel-cors/src/HandleCors.php(37): Illuminate\\Pipeline\\Pipeline->Illuminate\\Pipeline\\{closure}(Object(Illuminate\\Http\\Request))
#33 /Users/bilalsaleem/Documents/GitHub/dlivrdchatweb/vendor/laravel/framework/src/Illuminate/Pipeline/Pipeline.php(167): Fruitcake\\Cors\\HandleCors->handle(Object(Illuminate\\Http\\Request), Object(Closure))
#34 /Users/bilalsaleem/Documents/GitHub/dlivrdchatweb/vendor/fideloper/proxy/src/TrustProxies.php(57): Illuminate\\Pipeline\\Pipeline->Illuminate\\Pipeline\\{closure}(Object(Illuminate\\Http\\Request))
#35 /Users/bilalsaleem/Documents/GitHub/dlivrdchatweb/vendor/laravel/framework/src/Illuminate/Pipeline/Pipeline.php(167): Fideloper\\Proxy\\TrustProxies->handle(Object(Illuminate\\Http\\Request), Object(Closure))
#36 /Users/bilalsaleem/Documents/GitHub/dlivrdchatweb/vendor/laravel/framework/src/Illuminate/Pipeline/Pipeline.php(103): Illuminate\\Pipeline\\Pipeline->Illuminate\\Pipeline\\{closure}(Object(Illuminate\\Http\\Request))
#37 /Users/bilalsaleem/Documents/GitHub/dlivrdchatweb/vendor/laravel/framework/src/Illuminate/Foundation/Http/Kernel.php(140): Illuminate\\Pipeline\\Pipeline->then(Object(Closure))
#38 /Users/bilalsaleem/Documents/GitHub/dlivrdchatweb/vendor/laravel/framework/src/Illuminate/Foundation/Http/Kernel.php(109): Illuminate\\Foundation\\Http\\Kernel->sendRequestThroughRouter(Object(Illuminate\\Http\\Request))
#39 /Users/bilalsaleem/Documents/GitHub/dlivrdchatweb/public/index.php(55): Illuminate\\Foundation\\Http\\Kernel->handle(Object(Illuminate\\Http\\Request))
#40 /Users/bilalsaleem/Documents/GitHub/dlivrdchatweb/server.php(21): require_once('/Users/bilalsal...')
#41 {main}
"} 
[2020-09-08 12:25:07] production.ERROR: No application encryption key has been specified. {"exception":"[object] (RuntimeException(code: 0): No application encryption key has been specified. at /Users/bilalsaleem/Documents/GitHub/dlivrdchatweb/vendor/laravel/framework/src/Illuminate/Encryption/EncryptionServiceProvider.php:80)
[stacktrace]
#0 /Users/bilalsaleem/Documents/GitHub/dlivrdchatweb/vendor/laravel/framework/src/Illuminate/Support/helpers.php(433): Illuminate\\Encryption\\EncryptionServiceProvider->Illuminate\\Encryption\\{closure}(NULL)
#1 /Users/bilalsaleem/Documents/GitHub/dlivrdchatweb/vendor/laravel/framework/src/Illuminate/Encryption/EncryptionServiceProvider.php(84): tap(NULL, Object(Closure))
#2 /Users/bilalsaleem/Documents/GitHub/dlivrdchatweb/vendor/laravel/framework/src/Illuminate/Encryption/EncryptionServiceProvider.php(61): Illuminate\\Encryption\\EncryptionServiceProvider->key(Array)
#3 /Users/bilalsaleem/Documents/GitHub/dlivrdchatweb/vendor/laravel/framework/src/Illuminate/Encryption/EncryptionServiceProvider.php(33): Illuminate\\Encryption\\EncryptionServiceProvider->parseKey(Array)
#4 /Users/bilalsaleem/Documents/GitHub/dlivrdchatweb/vendor/laravel/framework/src/Illuminate/Container/Container.php(805): Illuminate\\Encryption\\EncryptionServiceProvider->Illuminate\\Encryption\\{closure}(Object(Illuminate\\Foundation\\Application), Array)
#5 /Users/bilalsaleem/Documents/GitHub/dlivrdchatweb/vendor/laravel/framework/src/Illuminate/Container/Container.php(691): Illuminate\\Container\\Container->build(Object(Closure))
#6 /Users/bilalsaleem/Documents/GitHub/dlivrdchatweb/vendor/laravel/framework/src/Illuminate/Foundation/Application.php(796): Illuminate\\Container\\Container->resolve('encrypter', Array, true)
#7 /Users/bilalsaleem/Documents/GitHub/dlivrdchatweb/vendor/laravel/framework/src/Illuminate/Container/Container.php(637): Illuminate\\Foundation\\Application->resolve('encrypter', Array)
#8 /Users/bilalsaleem/Documents/GitHub/dlivrdchatweb/vendor/laravel/framework/src/Illuminate/Foundation/Application.php(781): Illuminate\\Container\\Container->make('encrypter', Array)
#9 /Users/bilalsaleem/Documents/GitHub/dlivrdchatweb/vendor/laravel/framework/src/Illuminate/Container/Container.php(959): Illuminate\\Foundation\\Application->make('encrypter')
#10 /Users/bilalsaleem/Documents/GitHub/dlivrdchatweb/vendor/laravel/framework/src/Illuminate/Container/Container.php(879): Illuminate\\Container\\Container->resolveClass(Object(ReflectionParameter))
#11 /Users/bilalsaleem/Documents/GitHub/dlivrdchatweb/vendor/laravel/framework/src/Illuminate/Container/Container.php(840): Illuminate\\Container\\Container->resolveDependencies(Array)
#12 /Users/bilalsaleem/Documents/GitHub/dlivrdchatweb/vendor/laravel/framework/src/Illuminate/Container/Container.php(691): Illuminate\\Container\\Container->build('App\\\\Http\\\\Middle...')
#13 /Users/bilalsaleem/Documents/GitHub/dlivrdchatweb/vendor/laravel/framework/src/Illuminate/Foundation/Application.php(796): Illuminate\\Container\\Container->resolve('App\\\\Http\\\\Middle...', Array, true)
#14 /Users/bilalsaleem/Documents/GitHub/dlivrdchatweb/vendor/laravel/framework/src/Illuminate/Container/Container.php(637): Illuminate\\Foundation\\Application->resolve('App\\\\Http\\\\Middle...', Array)
#15 /Users/bilalsaleem/Documents/GitHub/dlivrdchatweb/vendor/laravel/framework/src/Illuminate/Foundation/Application.php(781): Illuminate\\Container\\Container->make('App\\\\Http\\\\Middle...', Array)
#16 /Users/bilalsaleem/Documents/GitHub/dlivrdchatweb/vendor/laravel/framework/src/Illuminate/Foundation/Http/Kernel.php(204): Illuminate\\Foundation\\Application->make('App\\\\Http\\\\Middle...')
#17 /Users/bilalsaleem/Documents/GitHub/dlivrdchatweb/vendor/laravel/framework/src/Illuminate/Foundation/Http/Kernel.php(178): Illuminate\\Foundation\\Http\\Kernel->terminateMiddleware(Object(Illuminate\\Http\\Request), Object(Illuminate\\Http\\Response))
#18 /Users/bilalsaleem/Documents/GitHub/dlivrdchatweb/public/index.php(60): Illuminate\\Foundation\\Http\\Kernel->terminate(Object(Illuminate\\Http\\Request), Object(Illuminate\\Http\\Response))
#19 /Users/bilalsaleem/Documents/GitHub/dlivrdchatweb/server.php(21): require_once('/Users/bilalsal...')
#20 {main}
"} 
[2020-09-08 12:25:16] production.ERROR: No application encryption key has been specified. {"exception":"[object] (RuntimeException(code: 0): No application encryption key has been specified. at /Users/bilalsaleem/Documents/GitHub/dlivrdchatweb/vendor/laravel/framework/src/Illuminate/Encryption/EncryptionServiceProvider.php:80)
[stacktrace]
#0 /Users/bilalsaleem/Documents/GitHub/dlivrdchatweb/vendor/laravel/framework/src/Illuminate/Support/helpers.php(433): Illuminate\\Encryption\\EncryptionServiceProvider->Illuminate\\Encryption\\{closure}(NULL)
#1 /Users/bilalsaleem/Documents/GitHub/dlivrdchatweb/vendor/laravel/framework/src/Illuminate/Encryption/EncryptionServiceProvider.php(84): tap(NULL, Object(Closure))
#2 /Users/bilalsaleem/Documents/GitHub/dlivrdchatweb/vendor/laravel/framework/src/Illuminate/Encryption/EncryptionServiceProvider.php(61): Illuminate\\Encryption\\EncryptionServiceProvider->key(Array)
#3 /Users/bilalsaleem/Documents/GitHub/dlivrdchatweb/vendor/laravel/framework/src/Illuminate/Encryption/EncryptionServiceProvider.php(33): Illuminate\\Encryption\\EncryptionServiceProvider->parseKey(Array)
#4 /Users/bilalsaleem/Documents/GitHub/dlivrdchatweb/vendor/laravel/framework/src/Illuminate/Container/Container.php(805): Illuminate\\Encryption\\EncryptionServiceProvider->Illuminate\\Encryption\\{closure}(Object(Illuminate\\Foundation\\Application), Array)
#5 /Users/bilalsaleem/Documents/GitHub/dlivrdchatweb/vendor/laravel/framework/src/Illuminate/Container/Container.php(691): Illuminate\\Container\\Container->build(Object(Closure))
#6 /Users/bilalsaleem/Documents/GitHub/dlivrdchatweb/vendor/laravel/framework/src/Illuminate/Foundation/Application.php(796): Illuminate\\Container\\Container->resolve('encrypter', Array, true)
#7 /Users/bilalsaleem/Documents/GitHub/dlivrdchatweb/vendor/laravel/framework/src/Illuminate/Container/Container.php(637): Illuminate\\Foundation\\Application->resolve('encrypter', Array)
#8 /Users/bilalsaleem/Documents/GitHub/dlivrdchatweb/vendor/laravel/framework/src/Illuminate/Foundation/Application.php(781): Illuminate\\Container\\Container->make('encrypter', Array)
#9 /Users/bilalsaleem/Documents/GitHub/dlivrdchatweb/vendor/laravel/framework/src/Illuminate/Container/Container.php(959): Illuminate\\Foundation\\Application->make('encrypter')
#10 /Users/bilalsaleem/Documents/GitHub/dlivrdchatweb/vendor/laravel/framework/src/Illuminate/Container/Container.php(879): Illuminate\\Container\\Container->resolveClass(Object(ReflectionParameter))
#11 /Users/bilalsaleem/Documents/GitHub/dlivrdchatweb/vendor/laravel/framework/src/Illuminate/Container/Container.php(840): Illuminate\\Container\\Container->resolveDependencies(Array)
#12 /Users/bilalsaleem/Documents/GitHub/dlivrdchatweb/vendor/laravel/framework/src/Illuminate/Container/Container.php(691): Illuminate\\Container\\Container->build('App\\\\Http\\\\Middle...')
#13 /Users/bilalsaleem/Documents/GitHub/dlivrdchatweb/vendor/laravel/framework/src/Illuminate/Foundation/Application.php(796): Illuminate\\Container\\Container->resolve('App\\\\Http\\\\Middle...', Array, true)
#14 /Users/bilalsaleem/Documents/GitHub/dlivrdchatweb/vendor/laravel/framework/src/Illuminate/Container/Container.php(637): Illuminate\\Foundation\\Application->resolve('App\\\\Http\\\\Middle...', Array)
#15 /Users/bilalsaleem/Documents/GitHub/dlivrdchatweb/vendor/laravel/framework/src/Illuminate/Foundation/Application.php(781): Illuminate\\Container\\Container->make('App\\\\Http\\\\Middle...', Array)
#16 /Users/bilalsaleem/Documents/GitHub/dlivrdchatweb/vendor/laravel/framework/src/Illuminate/Pipeline/Pipeline.php(156): Illuminate\\Foundation\\Application->make('App\\\\Http\\\\Middle...')
#17 /Users/bilalsaleem/Documents/GitHub/dlivrdchatweb/vendor/laravel/framework/src/Illuminate/Pipeline/Pipeline.php(103): Illuminate\\Pipeline\\Pipeline->Illuminate\\Pipeline\\{closure}(Object(Illuminate\\Http\\Request))
#18 /Users/bilalsaleem/Documents/GitHub/dlivrdchatweb/vendor/laravel/framework/src/Illuminate/Routing/Router.php(687): Illuminate\\Pipeline\\Pipeline->then(Object(Closure))
#19 /Users/bilalsaleem/Documents/GitHub/dlivrdchatweb/vendor/laravel/framework/src/Illuminate/Routing/Router.php(662): Illuminate\\Routing\\Router->runRouteWithinStack(Object(Illuminate\\Routing\\Route), Object(Illuminate\\Http\\Request))
#20 /Users/bilalsaleem/Documents/GitHub/dlivrdchatweb/vendor/laravel/framework/src/Illuminate/Routing/Router.php(628): Illuminate\\Routing\\Router->runRoute(Object(Illuminate\\Http\\Request), Object(Illuminate\\Routing\\Route))
#21 /Users/bilalsaleem/Documents/GitHub/dlivrdchatweb/vendor/laravel/framework/src/Illuminate/Routing/Router.php(617): Illuminate\\Routing\\Router->dispatchToRoute(Object(Illuminate\\Http\\Request))
#22 /Users/bilalsaleem/Documents/GitHub/dlivrdchatweb/vendor/laravel/framework/src/Illuminate/Foundation/Http/Kernel.php(165): Illuminate\\Routing\\Router->dispatch(Object(Illuminate\\Http\\Request))
#23 /Users/bilalsaleem/Documents/GitHub/dlivrdchatweb/vendor/laravel/framework/src/Illuminate/Pipeline/Pipeline.php(128): Illuminate\\Foundation\\Http\\Kernel->Illuminate\\Foundation\\Http\\{closure}(Object(Illuminate\\Http\\Request))
#24 /Users/bilalsaleem/Documents/GitHub/dlivrdchatweb/vendor/laravel/framework/src/Illuminate/Foundation/Http/Middleware/TransformsRequest.php(21): Illuminate\\Pipeline\\Pipeline->Illuminate\\Pipeline\\{closure}(Object(Illuminate\\Http\\Request))
#25 /Users/bilalsaleem/Documents/GitHub/dlivrdchatweb/vendor/laravel/framework/src/Illuminate/Pipeline/Pipeline.php(167): Illuminate\\Foundation\\Http\\Middleware\\TransformsRequest->handle(Object(Illuminate\\Http\\Request), Object(Closure))
#26 /Users/bilalsaleem/Documents/GitHub/dlivrdchatweb/vendor/laravel/framework/src/Illuminate/Foundation/Http/Middleware/TransformsRequest.php(21): Illuminate\\Pipeline\\Pipeline->Illuminate\\Pipeline\\{closure}(Object(Illuminate\\Http\\Request))
#27 /Users/bilalsaleem/Documents/GitHub/dlivrdchatweb/vendor/laravel/framework/src/Illuminate/Pipeline/Pipeline.php(167): Illuminate\\Foundation\\Http\\Middleware\\TransformsRequest->handle(Object(Illuminate\\Http\\Request), Object(Closure))
#28 /Users/bilalsaleem/Documents/GitHub/dlivrdchatweb/vendor/laravel/framework/src/Illuminate/Foundation/Http/Middleware/ValidatePostSize.php(27): Illuminate\\Pipeline\\Pipeline->Illuminate\\Pipeline\\{closure}(Object(Illuminate\\Http\\Request))
#29 /Users/bilalsaleem/Documents/GitHub/dlivrdchatweb/vendor/laravel/framework/src/Illuminate/Pipeline/Pipeline.php(167): Illuminate\\Foundation\\Http\\Middleware\\ValidatePostSize->handle(Object(Illuminate\\Http\\Request), Object(Closure))
#30 /Users/bilalsaleem/Documents/GitHub/dlivrdchatweb/vendor/laravel/framework/src/Illuminate/Foundation/Http/Middleware/CheckForMaintenanceMode.php(63): Illuminate\\Pipeline\\Pipeline->Illuminate\\Pipeline\\{closure}(Object(Illuminate\\Http\\Request))
#31 /Users/bilalsaleem/Documents/GitHub/dlivrdchatweb/vendor/laravel/framework/src/Illuminate/Pipeline/Pipeline.php(167): Illuminate\\Foundation\\Http\\Middleware\\CheckForMaintenanceMode->handle(Object(Illuminate\\Http\\Request), Object(Closure))
#32 /Users/bilalsaleem/Documents/GitHub/dlivrdchatweb/vendor/fruitcake/laravel-cors/src/HandleCors.php(37): Illuminate\\Pipeline\\Pipeline->Illuminate\\Pipeline\\{closure}(Object(Illuminate\\Http\\Request))
#33 /Users/bilalsaleem/Documents/GitHub/dlivrdchatweb/vendor/laravel/framework/src/Illuminate/Pipeline/Pipeline.php(167): Fruitcake\\Cors\\HandleCors->handle(Object(Illuminate\\Http\\Request), Object(Closure))
#34 /Users/bilalsaleem/Documents/GitHub/dlivrdchatweb/vendor/fideloper/proxy/src/TrustProxies.php(57): Illuminate\\Pipeline\\Pipeline->Illuminate\\Pipeline\\{closure}(Object(Illuminate\\Http\\Request))
#35 /Users/bilalsaleem/Documents/GitHub/dlivrdchatweb/vendor/laravel/framework/src/Illuminate/Pipeline/Pipeline.php(167): Fideloper\\Proxy\\TrustProxies->handle(Object(Illuminate\\Http\\Request), Object(Closure))
#36 /Users/bilalsaleem/Documents/GitHub/dlivrdchatweb/vendor/laravel/framework/src/Illuminate/Pipeline/Pipeline.php(103): Illuminate\\Pipeline\\Pipeline->Illuminate\\Pipeline\\{closure}(Object(Illuminate\\Http\\Request))
#37 /Users/bilalsaleem/Documents/GitHub/dlivrdchatweb/vendor/laravel/framework/src/Illuminate/Foundation/Http/Kernel.php(140): Illuminate\\Pipeline\\Pipeline->then(Object(Closure))
#38 /Users/bilalsaleem/Documents/GitHub/dlivrdchatweb/vendor/laravel/framework/src/Illuminate/Foundation/Http/Kernel.php(109): Illuminate\\Foundation\\Http\\Kernel->sendRequestThroughRouter(Object(Illuminate\\Http\\Request))
#39 /Users/bilalsaleem/Documents/GitHub/dlivrdchatweb/public/index.php(55): Illuminate\\Foundation\\Http\\Kernel->handle(Object(Illuminate\\Http\\Request))
#40 /Users/bilalsaleem/Documents/GitHub/dlivrdchatweb/server.php(21): require_once('/Users/bilalsal...')
#41 {main}
"} 
[2020-09-08 12:25:16] production.ERROR: No application encryption key has been specified. {"exception":"[object] (RuntimeException(code: 0): No application encryption key has been specified. at /Users/bilalsaleem/Documents/GitHub/dlivrdchatweb/vendor/laravel/framework/src/Illuminate/Encryption/EncryptionServiceProvider.php:80)
[stacktrace]
#0 /Users/bilalsaleem/Documents/GitHub/dlivrdchatweb/vendor/laravel/framework/src/Illuminate/Support/helpers.php(433): Illuminate\\Encryption\\EncryptionServiceProvider->Illuminate\\Encryption\\{closure}(NULL)
#1 /Users/bilalsaleem/Documents/GitHub/dlivrdchatweb/vendor/laravel/framework/src/Illuminate/Encryption/EncryptionServiceProvider.php(84): tap(NULL, Object(Closure))
#2 /Users/bilalsaleem/Documents/GitHub/dlivrdchatweb/vendor/laravel/framework/src/Illuminate/Encryption/EncryptionServiceProvider.php(61): Illuminate\\Encryption\\EncryptionServiceProvider->key(Array)
#3 /Users/bilalsaleem/Documents/GitHub/dlivrdchatweb/vendor/laravel/framework/src/Illuminate/Encryption/EncryptionServiceProvider.php(33): Illuminate\\Encryption\\EncryptionServiceProvider->parseKey(Array)
#4 /Users/bilalsaleem/Documents/GitHub/dlivrdchatweb/vendor/laravel/framework/src/Illuminate/Container/Container.php(805): Illuminate\\Encryption\\EncryptionServiceProvider->Illuminate\\Encryption\\{closure}(Object(Illuminate\\Foundation\\Application), Array)
#5 /Users/bilalsaleem/Documents/GitHub/dlivrdchatweb/vendor/laravel/framework/src/Illuminate/Container/Container.php(691): Illuminate\\Container\\Container->build(Object(Closure))
#6 /Users/bilalsaleem/Documents/GitHub/dlivrdchatweb/vendor/laravel/framework/src/Illuminate/Foundation/Application.php(796): Illuminate\\Container\\Container->resolve('encrypter', Array, true)
#7 /Users/bilalsaleem/Documents/GitHub/dlivrdchatweb/vendor/laravel/framework/src/Illuminate/Container/Container.php(637): Illuminate\\Foundation\\Application->resolve('encrypter', Array)
#8 /Users/bilalsaleem/Documents/GitHub/dlivrdchatweb/vendor/laravel/framework/src/Illuminate/Foundation/Application.php(781): Illuminate\\Container\\Container->make('encrypter', Array)
#9 /Users/bilalsaleem/Documents/GitHub/dlivrdchatweb/vendor/laravel/framework/src/Illuminate/Container/Container.php(959): Illuminate\\Foundation\\Application->make('encrypter')
#10 /Users/bilalsaleem/Documents/GitHub/dlivrdchatweb/vendor/laravel/framework/src/Illuminate/Container/Container.php(879): Illuminate\\Container\\Container->resolveClass(Object(ReflectionParameter))
#11 /Users/bilalsaleem/Documents/GitHub/dlivrdchatweb/vendor/laravel/framework/src/Illuminate/Container/Container.php(840): Illuminate\\Container\\Container->resolveDependencies(Array)
#12 /Users/bilalsaleem/Documents/GitHub/dlivrdchatweb/vendor/laravel/framework/src/Illuminate/Container/Container.php(691): Illuminate\\Container\\Container->build('App\\\\Http\\\\Middle...')
#13 /Users/bilalsaleem/Documents/GitHub/dlivrdchatweb/vendor/laravel/framework/src/Illuminate/Foundation/Application.php(796): Illuminate\\Container\\Container->resolve('App\\\\Http\\\\Middle...', Array, true)
#14 /Users/bilalsaleem/Documents/GitHub/dlivrdchatweb/vendor/laravel/framework/src/Illuminate/Container/Container.php(637): Illuminate\\Foundation\\Application->resolve('App\\\\Http\\\\Middle...', Array)
#15 /Users/bilalsaleem/Documents/GitHub/dlivrdchatweb/vendor/laravel/framework/src/Illuminate/Foundation/Application.php(781): Illuminate\\Container\\Container->make('App\\\\Http\\\\Middle...', Array)
#16 /Users/bilalsaleem/Documents/GitHub/dlivrdchatweb/vendor/laravel/framework/src/Illuminate/Foundation/Http/Kernel.php(204): Illuminate\\Foundation\\Application->make('App\\\\Http\\\\Middle...')
#17 /Users/bilalsaleem/Documents/GitHub/dlivrdchatweb/vendor/laravel/framework/src/Illuminate/Foundation/Http/Kernel.php(178): Illuminate\\Foundation\\Http\\Kernel->terminateMiddleware(Object(Illuminate\\Http\\Request), Object(Illuminate\\Http\\Response))
#18 /Users/bilalsaleem/Documents/GitHub/dlivrdchatweb/public/index.php(60): Illuminate\\Foundation\\Http\\Kernel->terminate(Object(Illuminate\\Http\\Request), Object(Illuminate\\Http\\Response))
#19 /Users/bilalsaleem/Documents/GitHub/dlivrdchatweb/server.php(21): require_once('/Users/bilalsal...')
#20 {main}
"} 
[2020-09-08 12:26:46] production.ERROR: No application encryption key has been specified. {"exception":"[object] (RuntimeException(code: 0): No application encryption key has been specified. at /Users/bilalsaleem/Documents/GitHub/dlivrdchatweb/vendor/laravel/framework/src/Illuminate/Encryption/EncryptionServiceProvider.php:80)
[stacktrace]
#0 /Users/bilalsaleem/Documents/GitHub/dlivrdchatweb/vendor/laravel/framework/src/Illuminate/Support/helpers.php(433): Illuminate\\Encryption\\EncryptionServiceProvider->Illuminate\\Encryption\\{closure}(NULL)
#1 /Users/bilalsaleem/Documents/GitHub/dlivrdchatweb/vendor/laravel/framework/src/Illuminate/Encryption/EncryptionServiceProvider.php(84): tap(NULL, Object(Closure))
#2 /Users/bilalsaleem/Documents/GitHub/dlivrdchatweb/vendor/laravel/framework/src/Illuminate/Encryption/EncryptionServiceProvider.php(61): Illuminate\\Encryption\\EncryptionServiceProvider->key(Array)
#3 /Users/bilalsaleem/Documents/GitHub/dlivrdchatweb/vendor/laravel/framework/src/Illuminate/Encryption/EncryptionServiceProvider.php(33): Illuminate\\Encryption\\EncryptionServiceProvider->parseKey(Array)
#4 /Users/bilalsaleem/Documents/GitHub/dlivrdchatweb/vendor/laravel/framework/src/Illuminate/Container/Container.php(805): Illuminate\\Encryption\\EncryptionServiceProvider->Illuminate\\Encryption\\{closure}(Object(Illuminate\\Foundation\\Application), Array)
#5 /Users/bilalsaleem/Documents/GitHub/dlivrdchatweb/vendor/laravel/framework/src/Illuminate/Container/Container.php(691): Illuminate\\Container\\Container->build(Object(Closure))
#6 /Users/bilalsaleem/Documents/GitHub/dlivrdchatweb/vendor/laravel/framework/src/Illuminate/Foundation/Application.php(796): Illuminate\\Container\\Container->resolve('encrypter', Array, true)
#7 /Users/bilalsaleem/Documents/GitHub/dlivrdchatweb/vendor/laravel/framework/src/Illuminate/Container/Container.php(637): Illuminate\\Foundation\\Application->resolve('encrypter', Array)
#8 /Users/bilalsaleem/Documents/GitHub/dlivrdchatweb/vendor/laravel/framework/src/Illuminate/Foundation/Application.php(781): Illuminate\\Container\\Container->make('encrypter', Array)
#9 /Users/bilalsaleem/Documents/GitHub/dlivrdchatweb/vendor/laravel/framework/src/Illuminate/Container/Container.php(959): Illuminate\\Foundation\\Application->make('encrypter')
#10 /Users/bilalsaleem/Documents/GitHub/dlivrdchatweb/vendor/laravel/framework/src/Illuminate/Container/Container.php(879): Illuminate\\Container\\Container->resolveClass(Object(ReflectionParameter))
#11 /Users/bilalsaleem/Documents/GitHub/dlivrdchatweb/vendor/laravel/framework/src/Illuminate/Container/Container.php(840): Illuminate\\Container\\Container->resolveDependencies(Array)
#12 /Users/bilalsaleem/Documents/GitHub/dlivrdchatweb/vendor/laravel/framework/src/Illuminate/Container/Container.php(691): Illuminate\\Container\\Container->build('App\\\\Http\\\\Middle...')
#13 /Users/bilalsaleem/Documents/GitHub/dlivrdchatweb/vendor/laravel/framework/src/Illuminate/Foundation/Application.php(796): Illuminate\\Container\\Container->resolve('App\\\\Http\\\\Middle...', Array, true)
#14 /Users/bilalsaleem/Documents/GitHub/dlivrdchatweb/vendor/laravel/framework/src/Illuminate/Container/Container.php(637): Illuminate\\Foundation\\Application->resolve('App\\\\Http\\\\Middle...', Array)
#15 /Users/bilalsaleem/Documents/GitHub/dlivrdchatweb/vendor/laravel/framework/src/Illuminate/Foundation/Application.php(781): Illuminate\\Container\\Container->make('App\\\\Http\\\\Middle...', Array)
#16 /Users/bilalsaleem/Documents/GitHub/dlivrdchatweb/vendor/laravel/framework/src/Illuminate/Pipeline/Pipeline.php(156): Illuminate\\Foundation\\Application->make('App\\\\Http\\\\Middle...')
#17 /Users/bilalsaleem/Documents/GitHub/dlivrdchatweb/vendor/laravel/framework/src/Illuminate/Pipeline/Pipeline.php(103): Illuminate\\Pipeline\\Pipeline->Illuminate\\Pipeline\\{closure}(Object(Illuminate\\Http\\Request))
#18 /Users/bilalsaleem/Documents/GitHub/dlivrdchatweb/vendor/laravel/framework/src/Illuminate/Routing/Router.php(687): Illuminate\\Pipeline\\Pipeline->then(Object(Closure))
#19 /Users/bilalsaleem/Documents/GitHub/dlivrdchatweb/vendor/laravel/framework/src/Illuminate/Routing/Router.php(662): Illuminate\\Routing\\Router->runRouteWithinStack(Object(Illuminate\\Routing\\Route), Object(Illuminate\\Http\\Request))
#20 /Users/bilalsaleem/Documents/GitHub/dlivrdchatweb/vendor/laravel/framework/src/Illuminate/Routing/Router.php(628): Illuminate\\Routing\\Router->runRoute(Object(Illuminate\\Http\\Request), Object(Illuminate\\Routing\\Route))
#21 /Users/bilalsaleem/Documents/GitHub/dlivrdchatweb/vendor/laravel/framework/src/Illuminate/Routing/Router.php(617): Illuminate\\Routing\\Router->dispatchToRoute(Object(Illuminate\\Http\\Request))
#22 /Users/bilalsaleem/Documents/GitHub/dlivrdchatweb/vendor/laravel/framework/src/Illuminate/Foundation/Http/Kernel.php(165): Illuminate\\Routing\\Router->dispatch(Object(Illuminate\\Http\\Request))
#23 /Users/bilalsaleem/Documents/GitHub/dlivrdchatweb/vendor/laravel/framework/src/Illuminate/Pipeline/Pipeline.php(128): Illuminate\\Foundation\\Http\\Kernel->Illuminate\\Foundation\\Http\\{closure}(Object(Illuminate\\Http\\Request))
#24 /Users/bilalsaleem/Documents/GitHub/dlivrdchatweb/vendor/laravel/framework/src/Illuminate/Foundation/Http/Middleware/TransformsRequest.php(21): Illuminate\\Pipeline\\Pipeline->Illuminate\\Pipeline\\{closure}(Object(Illuminate\\Http\\Request))
#25 /Users/bilalsaleem/Documents/GitHub/dlivrdchatweb/vendor/laravel/framework/src/Illuminate/Pipeline/Pipeline.php(167): Illuminate\\Foundation\\Http\\Middleware\\TransformsRequest->handle(Object(Illuminate\\Http\\Request), Object(Closure))
#26 /Users/bilalsaleem/Documents/GitHub/dlivrdchatweb/vendor/laravel/framework/src/Illuminate/Foundation/Http/Middleware/TransformsRequest.php(21): Illuminate\\Pipeline\\Pipeline->Illuminate\\Pipeline\\{closure}(Object(Illuminate\\Http\\Request))
#27 /Users/bilalsaleem/Documents/GitHub/dlivrdchatweb/vendor/laravel/framework/src/Illuminate/Pipeline/Pipeline.php(167): Illuminate\\Foundation\\Http\\Middleware\\TransformsRequest->handle(Object(Illuminate\\Http\\Request), Object(Closure))
#28 /Users/bilalsaleem/Documents/GitHub/dlivrdchatweb/vendor/laravel/framework/src/Illuminate/Foundation/Http/Middleware/ValidatePostSize.php(27): Illuminate\\Pipeline\\Pipeline->Illuminate\\Pipeline\\{closure}(Object(Illuminate\\Http\\Request))
#29 /Users/bilalsaleem/Documents/GitHub/dlivrdchatweb/vendor/laravel/framework/src/Illuminate/Pipeline/Pipeline.php(167): Illuminate\\Foundation\\Http\\Middleware\\ValidatePostSize->handle(Object(Illuminate\\Http\\Request), Object(Closure))
#30 /Users/bilalsaleem/Documents/GitHub/dlivrdchatweb/vendor/laravel/framework/src/Illuminate/Foundation/Http/Middleware/CheckForMaintenanceMode.php(63): Illuminate\\Pipeline\\Pipeline->Illuminate\\Pipeline\\{closure}(Object(Illuminate\\Http\\Request))
#31 /Users/bilalsaleem/Documents/GitHub/dlivrdchatweb/vendor/laravel/framework/src/Illuminate/Pipeline/Pipeline.php(167): Illuminate\\Foundation\\Http\\Middleware\\CheckForMaintenanceMode->handle(Object(Illuminate\\Http\\Request), Object(Closure))
#32 /Users/bilalsaleem/Documents/GitHub/dlivrdchatweb/vendor/fruitcake/laravel-cors/src/HandleCors.php(37): Illuminate\\Pipeline\\Pipeline->Illuminate\\Pipeline\\{closure}(Object(Illuminate\\Http\\Request))
#33 /Users/bilalsaleem/Documents/GitHub/dlivrdchatweb/vendor/laravel/framework/src/Illuminate/Pipeline/Pipeline.php(167): Fruitcake\\Cors\\HandleCors->handle(Object(Illuminate\\Http\\Request), Object(Closure))
#34 /Users/bilalsaleem/Documents/GitHub/dlivrdchatweb/vendor/fideloper/proxy/src/TrustProxies.php(57): Illuminate\\Pipeline\\Pipeline->Illuminate\\Pipeline\\{closure}(Object(Illuminate\\Http\\Request))
#35 /Users/bilalsaleem/Documents/GitHub/dlivrdchatweb/vendor/laravel/framework/src/Illuminate/Pipeline/Pipeline.php(167): Fideloper\\Proxy\\TrustProxies->handle(Object(Illuminate\\Http\\Request), Object(Closure))
#36 /Users/bilalsaleem/Documents/GitHub/dlivrdchatweb/vendor/laravel/framework/src/Illuminate/Pipeline/Pipeline.php(103): Illuminate\\Pipeline\\Pipeline->Illuminate\\Pipeline\\{closure}(Object(Illuminate\\Http\\Request))
#37 /Users/bilalsaleem/Documents/GitHub/dlivrdchatweb/vendor/laravel/framework/src/Illuminate/Foundation/Http/Kernel.php(140): Illuminate\\Pipeline\\Pipeline->then(Object(Closure))
#38 /Users/bilalsaleem/Documents/GitHub/dlivrdchatweb/vendor/laravel/framework/src/Illuminate/Foundation/Http/Kernel.php(109): Illuminate\\Foundation\\Http\\Kernel->sendRequestThroughRouter(Object(Illuminate\\Http\\Request))
#39 /Users/bilalsaleem/Documents/GitHub/dlivrdchatweb/public/index.php(55): Illuminate\\Foundation\\Http\\Kernel->handle(Object(Illuminate\\Http\\Request))
#40 /Users/bilalsaleem/Documents/GitHub/dlivrdchatweb/server.php(21): require_once('/Users/bilalsal...')
#41 {main}
"} 
[2020-09-08 12:26:46] production.ERROR: No application encryption key has been specified. {"exception":"[object] (RuntimeException(code: 0): No application encryption key has been specified. at /Users/bilalsaleem/Documents/GitHub/dlivrdchatweb/vendor/laravel/framework/src/Illuminate/Encryption/EncryptionServiceProvider.php:80)
[stacktrace]
#0 /Users/bilalsaleem/Documents/GitHub/dlivrdchatweb/vendor/laravel/framework/src/Illuminate/Support/helpers.php(433): Illuminate\\Encryption\\EncryptionServiceProvider->Illuminate\\Encryption\\{closure}(NULL)
#1 /Users/bilalsaleem/Documents/GitHub/dlivrdchatweb/vendor/laravel/framework/src/Illuminate/Encryption/EncryptionServiceProvider.php(84): tap(NULL, Object(Closure))
#2 /Users/bilalsaleem/Documents/GitHub/dlivrdchatweb/vendor/laravel/framework/src/Illuminate/Encryption/EncryptionServiceProvider.php(61): Illuminate\\Encryption\\EncryptionServiceProvider->key(Array)
#3 /Users/bilalsaleem/Documents/GitHub/dlivrdchatweb/vendor/laravel/framework/src/Illuminate/Encryption/EncryptionServiceProvider.php(33): Illuminate\\Encryption\\EncryptionServiceProvider->parseKey(Array)
#4 /Users/bilalsaleem/Documents/GitHub/dlivrdchatweb/vendor/laravel/framework/src/Illuminate/Container/Container.php(805): Illuminate\\Encryption\\EncryptionServiceProvider->Illuminate\\Encryption\\{closure}(Object(Illuminate\\Foundation\\Application), Array)
#5 /Users/bilalsaleem/Documents/GitHub/dlivrdchatweb/vendor/laravel/framework/src/Illuminate/Container/Container.php(691): Illuminate\\Container\\Container->build(Object(Closure))
#6 /Users/bilalsaleem/Documents/GitHub/dlivrdchatweb/vendor/laravel/framework/src/Illuminate/Foundation/Application.php(796): Illuminate\\Container\\Container->resolve('encrypter', Array, true)
#7 /Users/bilalsaleem/Documents/GitHub/dlivrdchatweb/vendor/laravel/framework/src/Illuminate/Container/Container.php(637): Illuminate\\Foundation\\Application->resolve('encrypter', Array)
#8 /Users/bilalsaleem/Documents/GitHub/dlivrdchatweb/vendor/laravel/framework/src/Illuminate/Foundation/Application.php(781): Illuminate\\Container\\Container->make('encrypter', Array)
#9 /Users/bilalsaleem/Documents/GitHub/dlivrdchatweb/vendor/laravel/framework/src/Illuminate/Container/Container.php(959): Illuminate\\Foundation\\Application->make('encrypter')
#10 /Users/bilalsaleem/Documents/GitHub/dlivrdchatweb/vendor/laravel/framework/src/Illuminate/Container/Container.php(879): Illuminate\\Container\\Container->resolveClass(Object(ReflectionParameter))
#11 /Users/bilalsaleem/Documents/GitHub/dlivrdchatweb/vendor/laravel/framework/src/Illuminate/Container/Container.php(840): Illuminate\\Container\\Container->resolveDependencies(Array)
#12 /Users/bilalsaleem/Documents/GitHub/dlivrdchatweb/vendor/laravel/framework/src/Illuminate/Container/Container.php(691): Illuminate\\Container\\Container->build('App\\\\Http\\\\Middle...')
#13 /Users/bilalsaleem/Documents/GitHub/dlivrdchatweb/vendor/laravel/framework/src/Illuminate/Foundation/Application.php(796): Illuminate\\Container\\Container->resolve('App\\\\Http\\\\Middle...', Array, true)
#14 /Users/bilalsaleem/Documents/GitHub/dlivrdchatweb/vendor/laravel/framework/src/Illuminate/Container/Container.php(637): Illuminate\\Foundation\\Application->resolve('App\\\\Http\\\\Middle...', Array)
#15 /Users/bilalsaleem/Documents/GitHub/dlivrdchatweb/vendor/laravel/framework/src/Illuminate/Foundation/Application.php(781): Illuminate\\Container\\Container->make('App\\\\Http\\\\Middle...', Array)
#16 /Users/bilalsaleem/Documents/GitHub/dlivrdchatweb/vendor/laravel/framework/src/Illuminate/Foundation/Http/Kernel.php(204): Illuminate\\Foundation\\Application->make('App\\\\Http\\\\Middle...')
#17 /Users/bilalsaleem/Documents/GitHub/dlivrdchatweb/vendor/laravel/framework/src/Illuminate/Foundation/Http/Kernel.php(178): Illuminate\\Foundation\\Http\\Kernel->terminateMiddleware(Object(Illuminate\\Http\\Request), Object(Illuminate\\Http\\Response))
#18 /Users/bilalsaleem/Documents/GitHub/dlivrdchatweb/public/index.php(60): Illuminate\\Foundation\\Http\\Kernel->terminate(Object(Illuminate\\Http\\Request), Object(Illuminate\\Http\\Response))
#19 /Users/bilalsaleem/Documents/GitHub/dlivrdchatweb/server.php(21): require_once('/Users/bilalsal...')
#20 {main}
"} 
[2020-09-08 12:28:25] local.ERROR: No application encryption key has been specified. {"exception":"[object] (RuntimeException(code: 0): No application encryption key has been specified. at /Users/bilalsaleem/Documents/GitHub/dlivrdchatweb/vendor/laravel/framework/src/Illuminate/Encryption/EncryptionServiceProvider.php:80)
[stacktrace]
#0 /Users/bilalsaleem/Documents/GitHub/dlivrdchatweb/vendor/laravel/framework/src/Illuminate/Support/helpers.php(433): Illuminate\\Encryption\\EncryptionServiceProvider->Illuminate\\Encryption\\{closure}('')
#1 /Users/bilalsaleem/Documents/GitHub/dlivrdchatweb/vendor/laravel/framework/src/Illuminate/Encryption/EncryptionServiceProvider.php(84): tap('', Object(Closure))
#2 /Users/bilalsaleem/Documents/GitHub/dlivrdchatweb/vendor/laravel/framework/src/Illuminate/Encryption/EncryptionServiceProvider.php(61): Illuminate\\Encryption\\EncryptionServiceProvider->key(Array)
#3 /Users/bilalsaleem/Documents/GitHub/dlivrdchatweb/vendor/laravel/framework/src/Illuminate/Encryption/EncryptionServiceProvider.php(33): Illuminate\\Encryption\\EncryptionServiceProvider->parseKey(Array)
#4 /Users/bilalsaleem/Documents/GitHub/dlivrdchatweb/vendor/laravel/framework/src/Illuminate/Container/Container.php(805): Illuminate\\Encryption\\EncryptionServiceProvider->Illuminate\\Encryption\\{closure}(Object(Illuminate\\Foundation\\Application), Array)
#5 /Users/bilalsaleem/Documents/GitHub/dlivrdchatweb/vendor/laravel/framework/src/Illuminate/Container/Container.php(691): Illuminate\\Container\\Container->build(Object(Closure))
#6 /Users/bilalsaleem/Documents/GitHub/dlivrdchatweb/vendor/laravel/framework/src/Illuminate/Foundation/Application.php(796): Illuminate\\Container\\Container->resolve('encrypter', Array, true)
#7 /Users/bilalsaleem/Documents/GitHub/dlivrdchatweb/vendor/laravel/framework/src/Illuminate/Container/Container.php(637): Illuminate\\Foundation\\Application->resolve('encrypter', Array)
#8 /Users/bilalsaleem/Documents/GitHub/dlivrdchatweb/vendor/laravel/framework/src/Illuminate/Foundation/Application.php(781): Illuminate\\Container\\Container->make('encrypter', Array)
#9 /Users/bilalsaleem/Documents/GitHub/dlivrdchatweb/vendor/laravel/framework/src/Illuminate/Container/Container.php(959): Illuminate\\Foundation\\Application->make('encrypter')
#10 /Users/bilalsaleem/Documents/GitHub/dlivrdchatweb/vendor/laravel/framework/src/Illuminate/Container/Container.php(879): Illuminate\\Container\\Container->resolveClass(Object(ReflectionParameter))
#11 /Users/bilalsaleem/Documents/GitHub/dlivrdchatweb/vendor/laravel/framework/src/Illuminate/Container/Container.php(840): Illuminate\\Container\\Container->resolveDependencies(Array)
#12 /Users/bilalsaleem/Documents/GitHub/dlivrdchatweb/vendor/laravel/framework/src/Illuminate/Container/Container.php(691): Illuminate\\Container\\Container->build('App\\\\Http\\\\Middle...')
#13 /Users/bilalsaleem/Documents/GitHub/dlivrdchatweb/vendor/laravel/framework/src/Illuminate/Foundation/Application.php(796): Illuminate\\Container\\Container->resolve('App\\\\Http\\\\Middle...', Array, true)
#14 /Users/bilalsaleem/Documents/GitHub/dlivrdchatweb/vendor/laravel/framework/src/Illuminate/Container/Container.php(637): Illuminate\\Foundation\\Application->resolve('App\\\\Http\\\\Middle...', Array)
#15 /Users/bilalsaleem/Documents/GitHub/dlivrdchatweb/vendor/laravel/framework/src/Illuminate/Foundation/Application.php(781): Illuminate\\Container\\Container->make('App\\\\Http\\\\Middle...', Array)
#16 /Users/bilalsaleem/Documents/GitHub/dlivrdchatweb/vendor/laravel/framework/src/Illuminate/Pipeline/Pipeline.php(156): Illuminate\\Foundation\\Application->make('App\\\\Http\\\\Middle...')
#17 /Users/bilalsaleem/Documents/GitHub/dlivrdchatweb/vendor/laravel/framework/src/Illuminate/Pipeline/Pipeline.php(103): Illuminate\\Pipeline\\Pipeline->Illuminate\\Pipeline\\{closure}(Object(Illuminate\\Http\\Request))
#18 /Users/bilalsaleem/Documents/GitHub/dlivrdchatweb/vendor/laravel/framework/src/Illuminate/Routing/Router.php(687): Illuminate\\Pipeline\\Pipeline->then(Object(Closure))
#19 /Users/bilalsaleem/Documents/GitHub/dlivrdchatweb/vendor/laravel/framework/src/Illuminate/Routing/Router.php(662): Illuminate\\Routing\\Router->runRouteWithinStack(Object(Illuminate\\Routing\\Route), Object(Illuminate\\Http\\Request))
#20 /Users/bilalsaleem/Documents/GitHub/dlivrdchatweb/vendor/laravel/framework/src/Illuminate/Routing/Router.php(628): Illuminate\\Routing\\Router->runRoute(Object(Illuminate\\Http\\Request), Object(Illuminate\\Routing\\Route))
#21 /Users/bilalsaleem/Documents/GitHub/dlivrdchatweb/vendor/laravel/framework/src/Illuminate/Routing/Router.php(617): Illuminate\\Routing\\Router->dispatchToRoute(Object(Illuminate\\Http\\Request))
#22 /Users/bilalsaleem/Documents/GitHub/dlivrdchatweb/vendor/laravel/framework/src/Illuminate/Foundation/Http/Kernel.php(165): Illuminate\\Routing\\Router->dispatch(Object(Illuminate\\Http\\Request))
#23 /Users/bilalsaleem/Documents/GitHub/dlivrdchatweb/vendor/laravel/framework/src/Illuminate/Pipeline/Pipeline.php(128): Illuminate\\Foundation\\Http\\Kernel->Illuminate\\Foundation\\Http\\{closure}(Object(Illuminate\\Http\\Request))
#24 /Users/bilalsaleem/Documents/GitHub/dlivrdchatweb/vendor/laravel/framework/src/Illuminate/Foundation/Http/Middleware/TransformsRequest.php(21): Illuminate\\Pipeline\\Pipeline->Illuminate\\Pipeline\\{closure}(Object(Illuminate\\Http\\Request))
#25 /Users/bilalsaleem/Documents/GitHub/dlivrdchatweb/vendor/laravel/framework/src/Illuminate/Pipeline/Pipeline.php(167): Illuminate\\Foundation\\Http\\Middleware\\TransformsRequest->handle(Object(Illuminate\\Http\\Request), Object(Closure))
#26 /Users/bilalsaleem/Documents/GitHub/dlivrdchatweb/vendor/laravel/framework/src/Illuminate/Foundation/Http/Middleware/TransformsRequest.php(21): Illuminate\\Pipeline\\Pipeline->Illuminate\\Pipeline\\{closure}(Object(Illuminate\\Http\\Request))
#27 /Users/bilalsaleem/Documents/GitHub/dlivrdchatweb/vendor/laravel/framework/src/Illuminate/Pipeline/Pipeline.php(167): Illuminate\\Foundation\\Http\\Middleware\\TransformsRequest->handle(Object(Illuminate\\Http\\Request), Object(Closure))
#28 /Users/bilalsaleem/Documents/GitHub/dlivrdchatweb/vendor/laravel/framework/src/Illuminate/Foundation/Http/Middleware/ValidatePostSize.php(27): Illuminate\\Pipeline\\Pipeline->Illuminate\\Pipeline\\{closure}(Object(Illuminate\\Http\\Request))
#29 /Users/bilalsaleem/Documents/GitHub/dlivrdchatweb/vendor/laravel/framework/src/Illuminate/Pipeline/Pipeline.php(167): Illuminate\\Foundation\\Http\\Middleware\\ValidatePostSize->handle(Object(Illuminate\\Http\\Request), Object(Closure))
#30 /Users/bilalsaleem/Documents/GitHub/dlivrdchatweb/vendor/laravel/framework/src/Illuminate/Foundation/Http/Middleware/CheckForMaintenanceMode.php(63): Illuminate\\Pipeline\\Pipeline->Illuminate\\Pipeline\\{closure}(Object(Illuminate\\Http\\Request))
#31 /Users/bilalsaleem/Documents/GitHub/dlivrdchatweb/vendor/laravel/framework/src/Illuminate/Pipeline/Pipeline.php(167): Illuminate\\Foundation\\Http\\Middleware\\CheckForMaintenanceMode->handle(Object(Illuminate\\Http\\Request), Object(Closure))
#32 /Users/bilalsaleem/Documents/GitHub/dlivrdchatweb/vendor/fruitcake/laravel-cors/src/HandleCors.php(37): Illuminate\\Pipeline\\Pipeline->Illuminate\\Pipeline\\{closure}(Object(Illuminate\\Http\\Request))
#33 /Users/bilalsaleem/Documents/GitHub/dlivrdchatweb/vendor/laravel/framework/src/Illuminate/Pipeline/Pipeline.php(167): Fruitcake\\Cors\\HandleCors->handle(Object(Illuminate\\Http\\Request), Object(Closure))
#34 /Users/bilalsaleem/Documents/GitHub/dlivrdchatweb/vendor/fideloper/proxy/src/TrustProxies.php(57): Illuminate\\Pipeline\\Pipeline->Illuminate\\Pipeline\\{closure}(Object(Illuminate\\Http\\Request))
#35 /Users/bilalsaleem/Documents/GitHub/dlivrdchatweb/vendor/laravel/framework/src/Illuminate/Pipeline/Pipeline.php(167): Fideloper\\Proxy\\TrustProxies->handle(Object(Illuminate\\Http\\Request), Object(Closure))
#36 /Users/bilalsaleem/Documents/GitHub/dlivrdchatweb/vendor/laravel/framework/src/Illuminate/Pipeline/Pipeline.php(103): Illuminate\\Pipeline\\Pipeline->Illuminate\\Pipeline\\{closure}(Object(Illuminate\\Http\\Request))
#37 /Users/bilalsaleem/Documents/GitHub/dlivrdchatweb/vendor/laravel/framework/src/Illuminate/Foundation/Http/Kernel.php(140): Illuminate\\Pipeline\\Pipeline->then(Object(Closure))
#38 /Users/bilalsaleem/Documents/GitHub/dlivrdchatweb/vendor/laravel/framework/src/Illuminate/Foundation/Http/Kernel.php(109): Illuminate\\Foundation\\Http\\Kernel->sendRequestThroughRouter(Object(Illuminate\\Http\\Request))
#39 /Users/bilalsaleem/Documents/GitHub/dlivrdchatweb/public/index.php(55): Illuminate\\Foundation\\Http\\Kernel->handle(Object(Illuminate\\Http\\Request))
#40 /Users/bilalsaleem/Documents/GitHub/dlivrdchatweb/server.php(21): require_once('/Users/bilalsal...')
#41 {main}
"} 
[2020-09-08 12:28:25] local.ERROR: No application encryption key has been specified. {"exception":"[object] (RuntimeException(code: 0): No application encryption key has been specified. at /Users/bilalsaleem/Documents/GitHub/dlivrdchatweb/vendor/laravel/framework/src/Illuminate/Encryption/EncryptionServiceProvider.php:80)
[stacktrace]
#0 /Users/bilalsaleem/Documents/GitHub/dlivrdchatweb/vendor/laravel/framework/src/Illuminate/Support/helpers.php(433): Illuminate\\Encryption\\EncryptionServiceProvider->Illuminate\\Encryption\\{closure}('')
#1 /Users/bilalsaleem/Documents/GitHub/dlivrdchatweb/vendor/laravel/framework/src/Illuminate/Encryption/EncryptionServiceProvider.php(84): tap('', Object(Closure))
#2 /Users/bilalsaleem/Documents/GitHub/dlivrdchatweb/vendor/laravel/framework/src/Illuminate/Encryption/EncryptionServiceProvider.php(61): Illuminate\\Encryption\\EncryptionServiceProvider->key(Array)
#3 /Users/bilalsaleem/Documents/GitHub/dlivrdchatweb/vendor/laravel/framework/src/Illuminate/Encryption/EncryptionServiceProvider.php(33): Illuminate\\Encryption\\EncryptionServiceProvider->parseKey(Array)
#4 /Users/bilalsaleem/Documents/GitHub/dlivrdchatweb/vendor/laravel/framework/src/Illuminate/Container/Container.php(805): Illuminate\\Encryption\\EncryptionServiceProvider->Illuminate\\Encryption\\{closure}(Object(Illuminate\\Foundation\\Application), Array)
#5 /Users/bilalsaleem/Documents/GitHub/dlivrdchatweb/vendor/laravel/framework/src/Illuminate/Container/Container.php(691): Illuminate\\Container\\Container->build(Object(Closure))
#6 /Users/bilalsaleem/Documents/GitHub/dlivrdchatweb/vendor/laravel/framework/src/Illuminate/Foundation/Application.php(796): Illuminate\\Container\\Container->resolve('encrypter', Array, true)
#7 /Users/bilalsaleem/Documents/GitHub/dlivrdchatweb/vendor/laravel/framework/src/Illuminate/Container/Container.php(637): Illuminate\\Foundation\\Application->resolve('encrypter', Array)
#8 /Users/bilalsaleem/Documents/GitHub/dlivrdchatweb/vendor/laravel/framework/src/Illuminate/Foundation/Application.php(781): Illuminate\\Container\\Container->make('encrypter', Array)
#9 /Users/bilalsaleem/Documents/GitHub/dlivrdchatweb/vendor/laravel/framework/src/Illuminate/Container/Container.php(959): Illuminate\\Foundation\\Application->make('encrypter')
#10 /Users/bilalsaleem/Documents/GitHub/dlivrdchatweb/vendor/laravel/framework/src/Illuminate/Container/Container.php(879): Illuminate\\Container\\Container->resolveClass(Object(ReflectionParameter))
#11 /Users/bilalsaleem/Documents/GitHub/dlivrdchatweb/vendor/laravel/framework/src/Illuminate/Container/Container.php(840): Illuminate\\Container\\Container->resolveDependencies(Array)
#12 /Users/bilalsaleem/Documents/GitHub/dlivrdchatweb/vendor/laravel/framework/src/Illuminate/Container/Container.php(691): Illuminate\\Container\\Container->build('App\\\\Http\\\\Middle...')
#13 /Users/bilalsaleem/Documents/GitHub/dlivrdchatweb/vendor/laravel/framework/src/Illuminate/Foundation/Application.php(796): Illuminate\\Container\\Container->resolve('App\\\\Http\\\\Middle...', Array, true)
#14 /Users/bilalsaleem/Documents/GitHub/dlivrdchatweb/vendor/laravel/framework/src/Illuminate/Container/Container.php(637): Illuminate\\Foundation\\Application->resolve('App\\\\Http\\\\Middle...', Array)
#15 /Users/bilalsaleem/Documents/GitHub/dlivrdchatweb/vendor/laravel/framework/src/Illuminate/Foundation/Application.php(781): Illuminate\\Container\\Container->make('App\\\\Http\\\\Middle...', Array)
#16 /Users/bilalsaleem/Documents/GitHub/dlivrdchatweb/vendor/laravel/framework/src/Illuminate/Foundation/Http/Kernel.php(204): Illuminate\\Foundation\\Application->make('App\\\\Http\\\\Middle...')
#17 /Users/bilalsaleem/Documents/GitHub/dlivrdchatweb/vendor/laravel/framework/src/Illuminate/Foundation/Http/Kernel.php(178): Illuminate\\Foundation\\Http\\Kernel->terminateMiddleware(Object(Illuminate\\Http\\Request), Object(Illuminate\\Http\\Response))
#18 /Users/bilalsaleem/Documents/GitHub/dlivrdchatweb/public/index.php(60): Illuminate\\Foundation\\Http\\Kernel->terminate(Object(Illuminate\\Http\\Request), Object(Illuminate\\Http\\Response))
#19 /Users/bilalsaleem/Documents/GitHub/dlivrdchatweb/server.php(21): require_once('/Users/bilalsal...')
#20 {main}
"} 
